2020-10-08 14:40:03.082  INFO 18592 --- [main] com.corn.alipay.AlipayApplication        : Starting AlipayApplication on LAPTOP-7MSKLUV8 with PID 18592 (D:\work\gitCode\dubbo-with-guns\alipay-service\target\classes started by suyiming in D:\work\gitCode\dubbo-with-guns)
2020-10-08 14:40:03.137  INFO 18592 --- [main] com.corn.alipay.AlipayApplication        : No active profile set, falling back to default profiles: default
2020-10-08 14:40:03.259  INFO 18592 --- [main] ConfigServletWebServerApplicationContext : Refreshing org.springframework.boot.web.servlet.context.AnnotationConfigServletWebServerApplicationContext@3fc9504b: startup date [Thu Oct 08 14:40:03 CST 2020]; root of context hierarchy
2020-10-08 14:40:04.841  WARN 18592 --- [main] o.m.s.mapper.ClassPathMapperScanner      : No MyBatis mapper was found in '[com.corn.alipay.*.dao, com.corn.alipay.dao]' package. Please check your configuration.
2020-10-08 14:40:04.842  INFO 18592 --- [main] o.s.b.f.xml.XmlBeanDefinitionReader      : Loading XML bean definitions from class path resource [tcc-transaction.xml]
2020-10-08 14:40:05.030  INFO 18592 --- [main] o.s.b.f.xml.XmlBeanDefinitionReader      : Loading XML bean definitions from class path resource [tcc-transaction-dubbo.xml]
2020-10-08 14:40:05.371  WARN 18592 --- [main] o.m.s.mapper.ClassPathMapperScanner      : No MyBatis mapper was found in '[com.corn.alipay]' package. Please check your configuration.
2020-10-08 14:40:05.395  INFO 18592 --- [main] o.s.b.f.s.DefaultListableBeanFactory     : Overriding bean definition for bean 'error' with a different definition: replacing [Root bean: class [null]; scope=; abstract=false; lazyInit=false; autowireMode=3; dependencyCheck=0; autowireCandidate=true; primary=false; factoryBeanName=org.springframework.boot.autoconfigure.web.servlet.error.ErrorMvcAutoConfiguration$WhitelabelErrorViewConfiguration; factoryMethodName=defaultErrorView; initMethodName=null; destroyMethodName=(inferred); defined in class path resource [org/springframework/boot/autoconfigure/web/servlet/error/ErrorMvcAutoConfiguration$WhitelabelErrorViewConfiguration.class]] with [Root bean: class [null]; scope=; abstract=false; lazyInit=false; autowireMode=3; dependencyCheck=0; autowireCandidate=true; primary=false; factoryBeanName=com.stylefeng.guns.core.config.DefaultWebConfig; factoryMethodName=error; initMethodName=null; destroyMethodName=(inferred); defined in class path resource [com/stylefeng/guns/core/config/DefaultWebConfig.class]]
2020-10-08 14:40:05.398  INFO 18592 --- [main] o.s.b.f.s.DefaultListableBeanFactory     : Overriding bean definition for bean 'paginationInterceptor' with a different definition: replacing [Root bean: class [null]; scope=; abstract=false; lazyInit=false; autowireMode=3; dependencyCheck=0; autowireCandidate=true; primary=false; factoryBeanName=mybatisPlusConfig; factoryMethodName=paginationInterceptor; initMethodName=null; destroyMethodName=(inferred); defined in class path resource [com/corn/alipay/config/MybatisPlusConfig.class]] with [Root bean: class [null]; scope=; abstract=false; lazyInit=false; autowireMode=3; dependencyCheck=0; autowireCandidate=true; primary=false; factoryBeanName=com.stylefeng.guns.core.config.SingleDataSourceConfig; factoryMethodName=paginationInterceptor; initMethodName=null; destroyMethodName=(inferred); defined in class path resource [com/stylefeng/guns/core/config/SingleDataSourceConfig.class]]
2020-10-08 14:40:05.403  WARN 18592 --- [main] o.m.s.mapper.ClassPathMapperScanner      : No MyBatis mapper was found in '[com.stylefeng.guns.modular.*.dao]' package. Please check your configuration.
2020-10-08 14:40:06.800  INFO 18592 --- [main] trationDelegate$BeanPostProcessorChecker : Bean 'dubbo-consumer' of type [com.alibaba.dubbo.config.ApplicationConfig] is not eligible for getting processed by all BeanPostProcessors (for example: not eligible for auto-proxying)
2020-10-08 14:40:06.809  INFO 18592 --- [main] trationDelegate$BeanPostProcessorChecker : Bean 'com.alibaba.dubbo.config.RegistryConfig' of type [com.alibaba.dubbo.config.RegistryConfig] is not eligible for getting processed by all BeanPostProcessors (for example: not eligible for auto-proxying)
2020-10-08 14:40:06.812  INFO 18592 --- [main] trationDelegate$BeanPostProcessorChecker : Bean 'redPacketTradeOrderService' of type [com.alibaba.dubbo.config.spring.ReferenceBean] is not eligible for getting processed by all BeanPostProcessors (for example: not eligible for auto-proxying)
2020-10-08 14:40:06.822  INFO 18592 --- [main] trationDelegate$BeanPostProcessorChecker : Bean 'capitalTradeOrderService' of type [com.alibaba.dubbo.config.spring.ReferenceBean] is not eligible for getting processed by all BeanPostProcessors (for example: not eligible for auto-proxying)
2020-10-08 14:40:06.832  INFO 18592 --- [main] trationDelegate$BeanPostProcessorChecker : Bean 'orderServiceAPI' of type [com.alibaba.dubbo.config.spring.ReferenceBean] is not eligible for getting processed by all BeanPostProcessors (for example: not eligible for auto-proxying)
2020-10-08 14:40:06.973  INFO 18592 --- [main] trationDelegate$BeanPostProcessorChecker : Bean 'org.springframework.transaction.annotation.ProxyTransactionManagementConfiguration' of type [org.springframework.transaction.annotation.ProxyTransactionManagementConfiguration$$EnhancerBySpringCGLIB$$fb7af895] is not eligible for getting processed by all BeanPostProcessors (for example: not eligible for auto-proxying)
2020-10-08 14:40:07.274  INFO 18592 --- [main] trationDelegate$BeanPostProcessorChecker : Bean 'org.springframework.boot.context.properties.ConversionServiceDeducer$Factory' of type [org.springframework.boot.context.properties.ConversionServiceDeducer$Factory] is not eligible for getting processed by all BeanPostProcessors (for example: not eligible for auto-proxying)
2020-10-08 14:40:07.306  INFO 18592 --- [main] trationDelegate$BeanPostProcessorChecker : Bean 'spring.dubbo-com.alibaba.dubbo.spring.boot.DubboProperties' of type [com.alibaba.dubbo.spring.boot.DubboProperties] is not eligible for getting processed by all BeanPostProcessors (for example: not eligible for auto-proxying)
2020-10-08 14:40:07.311  INFO 18592 --- [main] trationDelegate$BeanPostProcessorChecker : Bean 'com.alibaba.dubbo.spring.boot.DubboConsumerAutoConfiguration' of type [com.alibaba.dubbo.spring.boot.DubboConsumerAutoConfiguration$$EnhancerBySpringCGLIB$$359591b7] is not eligible for getting processed by all BeanPostProcessors (for example: not eligible for auto-proxying)
2020-10-08 14:40:07.765  INFO 18592 --- [main] o.s.b.w.embedded.tomcat.TomcatWebServer  : Tomcat initialized with port(s): 8090 (http)
2020-10-08 14:40:07.791  INFO 18592 --- [main] o.apache.catalina.core.StandardService   : Starting service [Tomcat]
2020-10-08 14:40:07.792  INFO 18592 --- [main] org.apache.catalina.core.StandardEngine  : Starting Servlet Engine: Apache Tomcat/8.5.29
2020-10-08 14:40:07.798  INFO 18592 --- [localhost-startStop-1] o.a.catalina.core.AprLifecycleListener   : The APR based Apache Tomcat Native library which allows optimal performance in production environments was not found on the java.library.path: [D:\Program Files\Java\jdk1.8.0_111\bin;C:\Windows\Sun\Java\bin;C:\Windows\system32;C:\Windows;C:\ProgramData\Oracle\Java\javapath;C:\Windows\system32;C:\Windows;C:\Windows\System32\Wbem;C:\Windows\System32\WindowsPowerShell\v1.0\;C:\Windows\System32\OpenSSH\;C:\Program Files (x86)\NVIDIA Corporation\PhysX\Common;C:\Program Files\NVIDIA Corporation\NVIDIA NvDLISR;D:\Program Files\Git\cmd;D:\Program Files\TortoiseGit\bin;D:\Program Files\EmEditor;D:\Program Files\apache-maven-3.3.9\bin;D:\Program Files\Java\jdk1.8.0_111\bin;D:\Program Files\Java\jdk1.8.0_111\jre\bin;D:\Program Files\nodejs\;C:\Users\suyiming\AppData\Local\Microsoft\WindowsApps;D:\Program Files\apache-maven-3.3.9\bin;C:\Users\suyiming\AppData\Roaming\npm;.]
2020-10-08 14:40:07.959  INFO 18592 --- [localhost-startStop-1] o.a.c.c.C.[Tomcat].[localhost].[/]       : Initializing Spring embedded WebApplicationContext
2020-10-08 14:40:07.959  INFO 18592 --- [localhost-startStop-1] o.s.web.context.ContextLoader            : Root WebApplicationContext: initialization completed in 4700 ms
2020-10-08 14:40:08.777  INFO 18592 --- [localhost-startStop-1] com.alibaba.druid.pool.DruidDataSource   : {dataSource-1} inited
2020-10-08 14:40:09.771  INFO 18592 --- [localhost-startStop-1] o.s.b.w.servlet.ServletRegistrationBean  : Servlet dispatcherServlet mapped to [/]
2020-10-08 14:40:09.777  INFO 18592 --- [localhost-startStop-1] o.s.b.w.servlet.FilterRegistrationBean   : Mapping filter: 'characterEncodingFilter' to: [/*]
2020-10-08 14:40:09.778  INFO 18592 --- [localhost-startStop-1] o.s.b.w.servlet.FilterRegistrationBean   : Mapping filter: 'hiddenHttpMethodFilter' to: [/*]
2020-10-08 14:40:09.778  INFO 18592 --- [localhost-startStop-1] o.s.b.w.servlet.FilterRegistrationBean   : Mapping filter: 'httpPutFormContentFilter' to: [/*]
2020-10-08 14:40:09.778  INFO 18592 --- [localhost-startStop-1] o.s.b.w.servlet.FilterRegistrationBean   : Mapping filter: 'requestContextFilter' to: [/*]
2020-10-08 14:40:09.778  INFO 18592 --- [localhost-startStop-1] o.s.b.w.servlet.FilterRegistrationBean   : Mapping filter: 'httpTraceFilter' to: [/*]
2020-10-08 14:40:09.779  INFO 18592 --- [localhost-startStop-1] o.s.b.w.servlet.FilterRegistrationBean   : Mapping filter: 'webMvcMetricsFilter' to: [/*]
2020-10-08 14:40:10.235  INFO 18592 --- [ZkClient-EventThread-44-localhost:2181] org.I0Itec.zkclient.ZkEventThread        : Starting ZkClient event thread.
2020-10-08 14:40:10.241  INFO 18592 --- [DubboZkclientConnector] org.apache.zookeeper.ZooKeeper           : Client environment:zookeeper.version=3.4.8--1, built on 02/06/2016 03:18 GMT
2020-10-08 14:40:10.241  INFO 18592 --- [DubboZkclientConnector] org.apache.zookeeper.ZooKeeper           : Client environment:host.name=LAPTOP-7MSKLUV8
2020-10-08 14:40:10.241  INFO 18592 --- [DubboZkclientConnector] org.apache.zookeeper.ZooKeeper           : Client environment:java.version=1.8.0_111
2020-10-08 14:40:10.242  INFO 18592 --- [DubboZkclientConnector] org.apache.zookeeper.ZooKeeper           : Client environment:java.vendor=Oracle Corporation
2020-10-08 14:40:10.242  INFO 18592 --- [DubboZkclientConnector] org.apache.zookeeper.ZooKeeper           : Client environment:java.home=D:\Program Files\Java\jdk1.8.0_111\jre
2020-10-08 14:40:10.242  INFO 18592 --- [DubboZkclientConnector] org.apache.zookeeper.ZooKeeper           : Client environment:java.class.path=D:\Program Files\Java\jdk1.8.0_111\jre\lib\charsets.jar;D:\Program Files\Java\jdk1.8.0_111\jre\lib\deploy.jar;D:\Program Files\Java\jdk1.8.0_111\jre\lib\ext\access-bridge-64.jar;D:\Program Files\Java\jdk1.8.0_111\jre\lib\ext\cldrdata.jar;D:\Program Files\Java\jdk1.8.0_111\jre\lib\ext\dnsns.jar;D:\Program Files\Java\jdk1.8.0_111\jre\lib\ext\jaccess.jar;D:\Program Files\Java\jdk1.8.0_111\jre\lib\ext\jfxrt.jar;D:\Program Files\Java\jdk1.8.0_111\jre\lib\ext\localedata.jar;D:\Program Files\Java\jdk1.8.0_111\jre\lib\ext\nashorn.jar;D:\Program Files\Java\jdk1.8.0_111\jre\lib\ext\sunec.jar;D:\Program Files\Java\jdk1.8.0_111\jre\lib\ext\sunjce_provider.jar;D:\Program Files\Java\jdk1.8.0_111\jre\lib\ext\sunmscapi.jar;D:\Program Files\Java\jdk1.8.0_111\jre\lib\ext\sunpkcs11.jar;D:\Program Files\Java\jdk1.8.0_111\jre\lib\ext\zipfs.jar;D:\Program Files\Java\jdk1.8.0_111\jre\lib\javaws.jar;D:\Program Files\Java\jdk1.8.0_111\jre\lib\jce.jar;D:\Program Files\Java\jdk1.8.0_111\jre\lib\jfr.jar;D:\Program Files\Java\jdk1.8.0_111\jre\lib\jfxswt.jar;D:\Program Files\Java\jdk1.8.0_111\jre\lib\jsse.jar;D:\Program Files\Java\jdk1.8.0_111\jre\lib\management-agent.jar;D:\Program Files\Java\jdk1.8.0_111\jre\lib\plugin.jar;D:\Program Files\Java\jdk1.8.0_111\jre\lib\resources.jar;D:\Program Files\Java\jdk1.8.0_111\jre\lib\rt.jar;D:\work\gitCode\dubbo-with-guns\alipay-service\target\classes;D:\work\repo\com\alipay\sdk\alipay-sdk-java\3.0.0\alipay-sdk-java-3.0.0.jar;D:\work\repo\commons-lang\commons-lang\2.6\commons-lang-2.6.jar;D:\work\repo\commons-configuration\commons-configuration\1.10\commons-configuration-1.10.jar;D:\work\repo\commons-codec\commons-codec\1.11\commons-codec-1.11.jar;D:\work\repo\com\google\zxing\core\3.2.1\core-3.2.1.jar;D:\work\repo\com\google\code\gson\gson\2.8.5\gson-2.8.5.jar;D:\work\repo\org\springframework\boot\spring-boot-starter-web\2.0.1.RELEASE\spring-boot-starter-web-2.0.1.RELEASE.jar;D:\work\repo\org\springframework\boot\spring-boot-starter-json\2.0.1.RELEASE\spring-boot-starter-json-2.0.1.RELEASE.jar;D:\work\repo\com\fasterxml\jackson\datatype\jackson-datatype-jdk8\2.9.5\jackson-datatype-jdk8-2.9.5.jar;D:\work\repo\com\fasterxml\jackson\datatype\jackson-datatype-jsr310\2.9.5\jackson-datatype-jsr310-2.9.5.jar;D:\work\repo\com\fasterxml\jackson\module\jackson-module-parameter-names\2.9.5\jackson-module-parameter-names-2.9.5.jar;D:\work\repo\org\springframework\boot\spring-boot-starter-tomcat\2.0.1.RELEASE\spring-boot-starter-tomcat-2.0.1.RELEASE.jar;D:\work\repo\org\apache\tomcat\embed\tomcat-embed-core\8.5.29\tomcat-embed-core-8.5.29.jar;D:\work\repo\org\apache\tomcat\embed\tomcat-embed-el\8.5.29\tomcat-embed-el-8.5.29.jar;D:\work\repo\org\apache\tomcat\embed\tomcat-embed-websocket\8.5.29\tomcat-embed-websocket-8.5.29.jar;D:\work\repo\org\hibernate\validator\hibernate-validator\6.0.9.Final\hibernate-validator-6.0.9.Final.jar;D:\work\repo\javax\validation\validation-api\2.0.1.Final\validation-api-2.0.1.Final.jar;D:\work\repo\org\jboss\logging\jboss-logging\3.3.2.Final\jboss-logging-3.3.2.Final.jar;D:\work\repo\com\fasterxml\classmate\1.3.4\classmate-1.3.4.jar;D:\work\repo\org\springframework\spring-web\5.0.5.RELEASE\spring-web-5.0.5.RELEASE.jar;D:\work\repo\org\springframework\spring-webmvc\5.0.5.RELEASE\spring-webmvc-5.0.5.RELEASE.jar;D:\work\repo\org\springframework\spring-expression\5.0.5.RELEASE\spring-expression-5.0.5.RELEASE.jar;D:\work\repo\com\alibaba\spring\boot\dubbo-spring-boot-starter\2.0.0\dubbo-spring-boot-starter-2.0.0.jar;D:\work\repo\com\alibaba\dubbo\2.6.0\dubbo-2.6.0.jar;D:\work\repo\org\javassist\javassist\3.20.0-GA\javassist-3.20.0-GA.jar;D:\work\repo\org\jboss\netty\netty\3.2.5.Final\netty-3.2.5.Final.jar;D:\work\repo\org\springframework\boot\spring-boot-starter-actuator\2.0.1.RELEASE\spring-boot-starter-actuator-2.0.1.RELEASE.jar;D:\work\repo\org\springframework\boot\spring-boot-actuator-autoconfigure\2.0.1.RELEASE\spring-boot-actuator-autoconfigure-2.0.1.RELEASE.jar;D:\work\repo\org\springframework\boot\spring-boot-actuator\2.0.1.RELEASE\spring-boot-actuator-2.0.1.RELEASE.jar;D:\work\repo\io\micrometer\micrometer-core\1.0.3\micrometer-core-1.0.3.jar;D:\work\repo\org\hdrhistogram\HdrHistogram\2.1.10\HdrHistogram-2.1.10.jar;D:\work\repo\org\latencyutils\LatencyUtils\2.0.3\LatencyUtils-2.0.3.jar;D:\work\repo\org\springframework\spring-core\5.0.5.RELEASE\spring-core-5.0.5.RELEASE.jar;D:\work\repo\org\springframework\spring-jcl\5.0.5.RELEASE\spring-jcl-5.0.5.RELEASE.jar;D:\work\repo\org\springframework\boot\spring-boot-starter-aop\2.0.1.RELEASE\spring-boot-starter-aop-2.0.1.RELEASE.jar;D:\work\repo\org\springframework\spring-aop\5.0.5.RELEASE\spring-aop-5.0.5.RELEASE.jar;D:\work\repo\org\aspectj\aspectjweaver\1.8.13\aspectjweaver-1.8.13.jar;D:\work\repo\org\springframework\spring-context-support\5.0.5.RELEASE\spring-context-support-5.0.5.RELEASE.jar;D:\work\repo\org\springframework\spring-beans\5.0.5.RELEASE\spring-beans-5.0.5.RELEASE.jar;D:\work\repo\org\springframework\spring-context\5.0.5.RELEASE\spring-context-5.0.5.RELEASE.jar;D:\work\repo\io\jsonwebtoken\jjwt\0.9.0\jjwt-0.9.0.jar;D:\work\repo\com\fasterxml\jackson\core\jackson-databind\2.9.5\jackson-databind-2.9.5.jar;D:\work\repo\com\fasterxml\jackson\core\jackson-annotations\2.9.0\jackson-annotations-2.9.0.jar;D:\work\repo\com\fasterxml\jackson\core\jackson-core\2.9.5\jackson-core-2.9.5.jar;D:\work\gitCode\dubbo-with-guns\guns-core\target\classes;D:\work\repo\com\baomidou\mybatisplus-spring-boot-starter\1.0.5\mybatisplus-spring-boot-starter-1.0.5.jar;D:\work\repo\org\springframework\boot\spring-boot-configuration-processor\2.0.1.RELEASE\spring-boot-configuration-processor-2.0.1.RELEASE.jar;D:\work\repo\com\baomidou\mybatis-plus\2.3\mybatis-plus-2.3.jar;D:\work\repo\com\baomidou\mybatis-plus-core\2.3\mybatis-plus-core-2.3.jar;D:\work\repo\com\github\jsqlparser\jsqlparser\1.1\jsqlparser-1.1.jar;D:\work\repo\org\mybatis\mybatis-spring\1.3.2\mybatis-spring-1.3.2.jar;D:\work\repo\org\mybatis\mybatis\3.4.6\mybatis-3.4.6.jar;D:\work\repo\com\baomidou\mybatis-plus-generate\2.3\mybatis-plus-generate-2.3.jar;D:\work\repo\org\apache\velocity\velocity\1.7\velocity-1.7.jar;D:\work\repo\commons-collections\commons-collections\3.2.1\commons-collections-3.2.1.jar;D:\work\repo\mysql\mysql-connector-java\8.0.11\mysql-connector-java-8.0.11.jar;D:\work\repo\com\google\protobuf\protobuf-java\2.6.0\protobuf-java-2.6.0.jar;D:\work\repo\org\springframework\boot\spring-boot-starter-jdbc\2.0.1.RELEASE\spring-boot-starter-jdbc-2.0.1.RELEASE.jar;D:\work\repo\com\zaxxer\HikariCP\2.7.8\HikariCP-2.7.8.jar;D:\work\repo\org\springframework\spring-jdbc\5.0.5.RELEASE\spring-jdbc-5.0.5.RELEASE.jar;D:\work\repo\org\springframework\spring-tx\5.0.5.RELEASE\spring-tx-5.0.5.RELEASE.jar;D:\work\repo\com\alibaba\druid\1.1.10\druid-1.1.10.jar;D:\work\repo\com\alibaba\fastjson\1.2.47\fastjson-1.2.47.jar;D:\work\repo\org\apache\commons\commons-lang3\3.7\commons-lang3-3.7.jar;D:\work\gitCode\dubbo-with-guns\api-service\target\classes;D:\work\repo\com\baomidou\mybatis-plus-support\2.3\mybatis-plus-support-2.3.jar;D:\work\repo\log4j\log4j\1.2.17\log4j-1.2.17.jar;D:\work\repo\com\101tec\zkclient\0.10\zkclient-0.10.jar;D:\work\repo\org\slf4j\slf4j-api\1.7.25\slf4j-api-1.7.25.jar;D:\work\repo\org\apache\zookeeper\zookeeper\3.4.8\zookeeper-3.4.8.jar;D:\work\repo\jline\jline\0.9.94\jline-0.9.94.jar;D:\work\repo\io\netty\netty\3.7.0.Final\netty-3.7.0.Final.jar;D:\work\repo\commons-net\commons-net\3.6\commons-net-3.6.jar;D:\work\repo\org\projectlombok\lombok\1.18.0\lombok-1.18.0.jar;D:\work\repo\org\mengyun\tcc-transaction-dubbo\1.2.4.23\tcc-transaction-dubbo-1.2.4.23.jar;D:\work\repo\org\mengyun\tcc-transaction-spring\1.2.4.23\tcc-transaction-spring-1.2.4.23.jar;D:\work\repo\org\quartz-scheduler\quartz\2.2.1\quartz-2.2.1.jar;D:\work\repo\c3p0\c3p0\0.9.1.1\c3p0-0.9.1.1.jar;D:\work\repo\org\mengyun\tcc-transaction-core\1.2.4.23\tcc-transaction-core-1.2.4.23.jar;D:\work\repo\org\mengyun\tcc-transaction-api\1.2.4.23\tcc-transaction-api-1.2.4.23.jar;D:\work\repo\com\google\guava\guava\23.0\guava-23.0.jar;D:\work\repo\com\google\code\findbugs\jsr305\1.3.9\jsr305-1.3.9.jar;D:\work\repo\com\google\errorprone\error_prone_annotations\2.0.18\error_prone_annotations-2.0.18.jar;D:\work\repo\com\google\j2objc\j2objc-annotations\1.1\j2objc-annotations-1.1.jar;D:\work\repo\org\codehaus\mojo\animal-sniffer-annotations\1.14\animal-sniffer-annotations-1.14.jar;D:\work\repo\com\esotericsoftware\kryo-shaded\4.0.2\kryo-shaded-4.0.2.jar;D:\work\repo\com\esotericsoftware\minlog\1.3.0\minlog-1.3.0.jar;D:\work\repo\org\objenesis\objenesis\2.5.1\objenesis-2.5.1.jar;D:\work\repo\io\zipkin\brave\brave-instrumentation-dubbo-rpc\5.5.0\brave-instrumentation-dubbo-rpc-5.5.0.jar;D:\work\repo\io\zipkin\brave\brave\5.5.0\brave-5.5.0.jar;D:\work\repo\io\zipkin\brave\brave-spring-beans\5.5.0\brave-spring-beans-5.5.0.jar;D:\work\repo\io\zipkin\brave\brave-instrumentation-http\5.5.0\brave-instrumentation-http-5.5.0.jar;D:\work\repo\io\zipkin\reporter2\zipkin-reporter-spring-beans\2.7.10\zipkin-reporter-spring-beans-2.7.10.jar;D:\work\repo\io\zipkin\brave\brave-context-slf4j\5.5.0\brave-context-slf4j-5.5.0.jar;D:\work\repo\io\zipkin\reporter2\zipkin-sender-okhttp3\2.7.10\zipkin-sender-okhttp3-2.7.10.jar;D:\work\repo\io\zipkin\reporter2\zipkin-reporter\2.7.10\zipkin-reporter-2.7.10.jar;D:\work\repo\com\squareup\okhttp3\okhttp\3.11.0\okhttp-3.11.0.jar;D:\work\repo\com\squareup\okio\okio\1.14.0\okio-1.14.0.jar;D:\work\repo\io\zipkin\zipkin2\zipkin\2.11.7\zipkin-2.11.7.jar;D:\work\repo\org\apache\curator\curator-framework\4.0.1\curator-framework-4.0.1.jar;D:\work\repo\org\apache\curator\curator-client\4.0.1\curator-client-4.0.1.jar;D:\work\repo\org\springframework\boot\spring-boot-starter\2.0.1.RELEASE\spring-boot-starter-2.0.1.RELEASE.jar;D:\work\repo\org\springframework\boot\spring-boot\2.0.1.RELEASE\spring-boot-2.0.1.RELEASE.jar;D:\work\repo\org\springframework\boot\spring-boot-autoconfigure\2.0.1.RELEASE\spring-boot-autoconfigure-2.0.1.RELEASE.jar;D:\work\repo\org\springframework\boot\spring-boot-starter-logging\2.0.1.RELEASE\spring-boot-starter-logging-2.0.1.RELEASE.jar;D:\work\repo\ch\qos\logback\logback-classic\1.2.3\logback-classic-1.2.3.jar;D:\work\repo\ch\qos\logback\logback-core\1.2.3\logback-core-1.2.3.jar;D:\work\repo\org\apache\logging\log4j\log4j-to-slf4j\2.10.0\log4j-to-slf4j-2.10.0.jar;D:\work\repo\org\apache\logging\log4j\log4j-api\2.10.0\log4j-api-2.10.0.jar;D:\work\repo\org\slf4j\jul-to-slf4j\1.7.25\jul-to-slf4j-1.7.25.jar;D:\work\repo\javax\annotation\javax.annotation-api\1.3.2\javax.annotation-api-1.3.2.jar;D:\work\repo\org\yaml\snakeyaml\1.19\snakeyaml-1.19.jar;D:\Program Files\JetBrains\IntelliJ IDEA 2019.3.2\lib\idea_rt.jar;C:\Users\suyiming\.IntelliJIdea2019.3\system\captureAgent\debugger-agent.jar
2020-10-08 14:40:10.242  INFO 18592 --- [DubboZkclientConnector] org.apache.zookeeper.ZooKeeper           : Client environment:java.library.path=D:\Program Files\Java\jdk1.8.0_111\bin;C:\Windows\Sun\Java\bin;C:\Windows\system32;C:\Windows;C:\ProgramData\Oracle\Java\javapath;C:\Windows\system32;C:\Windows;C:\Windows\System32\Wbem;C:\Windows\System32\WindowsPowerShell\v1.0\;C:\Windows\System32\OpenSSH\;C:\Program Files (x86)\NVIDIA Corporation\PhysX\Common;C:\Program Files\NVIDIA Corporation\NVIDIA NvDLISR;D:\Program Files\Git\cmd;D:\Program Files\TortoiseGit\bin;D:\Program Files\EmEditor;D:\Program Files\apache-maven-3.3.9\bin;D:\Program Files\Java\jdk1.8.0_111\bin;D:\Program Files\Java\jdk1.8.0_111\jre\bin;D:\Program Files\nodejs\;C:\Users\suyiming\AppData\Local\Microsoft\WindowsApps;D:\Program Files\apache-maven-3.3.9\bin;C:\Users\suyiming\AppData\Roaming\npm;.
2020-10-08 14:40:10.243  INFO 18592 --- [DubboZkclientConnector] org.apache.zookeeper.ZooKeeper           : Client environment:java.io.tmpdir=C:\Users\suyiming\AppData\Local\Temp\
2020-10-08 14:40:10.243  INFO 18592 --- [DubboZkclientConnector] org.apache.zookeeper.ZooKeeper           : Client environment:java.compiler=<NA>
2020-10-08 14:40:10.243  INFO 18592 --- [DubboZkclientConnector] org.apache.zookeeper.ZooKeeper           : Client environment:os.name=Windows 10
2020-10-08 14:40:10.243  INFO 18592 --- [DubboZkclientConnector] org.apache.zookeeper.ZooKeeper           : Client environment:os.arch=amd64
2020-10-08 14:40:10.243  INFO 18592 --- [DubboZkclientConnector] org.apache.zookeeper.ZooKeeper           : Client environment:os.version=10.0
2020-10-08 14:40:10.243  INFO 18592 --- [DubboZkclientConnector] org.apache.zookeeper.ZooKeeper           : Client environment:user.name=suyiming
2020-10-08 14:40:10.243  INFO 18592 --- [DubboZkclientConnector] org.apache.zookeeper.ZooKeeper           : Client environment:user.home=C:\Users\suyiming
2020-10-08 14:40:10.244  INFO 18592 --- [DubboZkclientConnector] org.apache.zookeeper.ZooKeeper           : Client environment:user.dir=D:\work\gitCode\dubbo-with-guns
2020-10-08 14:40:10.245  INFO 18592 --- [DubboZkclientConnector] org.apache.zookeeper.ZooKeeper           : Initiating client connection, connectString=localhost:2181 sessionTimeout=30000 watcher=org.I0Itec.zkclient.ZkClient@3c16327a
2020-10-08 14:40:10.273  INFO 18592 --- [DubboZkclientConnector] org.I0Itec.zkclient.ZkClient             : Waiting for keeper state SyncConnected
2020-10-08 14:40:10.279  INFO 18592 --- [DubboZkclientConnector-SendThread(127.0.0.1:2181)] org.apache.zookeeper.ClientCnxn          : Opening socket connection to server 127.0.0.1/127.0.0.1:2181. Will not attempt to authenticate using SASL (unknown error)
2020-10-08 14:40:10.283  INFO 18592 --- [DubboZkclientConnector-SendThread(127.0.0.1:2181)] org.apache.zookeeper.ClientCnxn          : Socket connection established to 127.0.0.1/127.0.0.1:2181, initiating session
2020-10-08 14:40:10.295  INFO 18592 --- [DubboZkclientConnector-SendThread(127.0.0.1:2181)] org.apache.zookeeper.ClientCnxn          : Session establishment complete on server 127.0.0.1/127.0.0.1:2181, sessionid = 0x17506816bda000a, negotiated timeout = 30000
2020-10-08 14:40:10.298  INFO 18592 --- [DubboZkclientConnector-EventThread] org.I0Itec.zkclient.ZkClient             : zookeeper state changed (SyncConnected)
2020-10-08 14:40:11.840  INFO 18592 --- [main] com.corn.alipay.config.Configs           : 配置文件名: zfbinfo.properties
2020-10-08 14:40:11.855  INFO 18592 --- [main] com.corn.alipay.config.Configs           : Configs{支付宝openapi网关: https://openapi.alipaydev.com/gateway.do
, 支付宝mcloudapi网关域名: http://mcloudmonitor.com/gateway.do
, pid: 2088102174764996
, appid: 2016090900468078
, 商户RSA私钥: MIIEvw******8+zA==
, 商户RSA公钥: MIIBIj******IDAQAB
, 支付宝RSA公钥: MIIBIj******IDAQAB
, 签名类型: RSA2
, 查询重试次数: 5
, 查询间隔(毫秒): 5000
, 撤销尝试次数: 3
, 撤销重试间隔(毫秒): 2000
, 交易保障调度延迟(秒): 5
, 交易保障调度间隔(秒): 900
}
2020-10-08 14:40:12.407  INFO 18592 --- [main] org.quartz.impl.StdSchedulerFactory      : Using default implementation for ThreadExecutor
2020-10-08 14:40:12.662  INFO 18592 --- [main] org.quartz.core.SchedulerSignalerImpl    : Initialized Scheduler Signaller of type: class org.quartz.core.SchedulerSignalerImpl
2020-10-08 14:40:12.683  INFO 18592 --- [main] org.quartz.core.QuartzScheduler          : Quartz Scheduler v.2.2.1 created.
2020-10-08 14:40:12.687  INFO 18592 --- [main] org.quartz.simpl.RAMJobStore             : RAMJobStore initialized.
2020-10-08 14:40:12.690  INFO 18592 --- [main] org.quartz.core.QuartzScheduler          : Scheduler meta-data: Quartz Scheduler (v2.2.1) 'recoverScheduler' with instanceId 'NON_CLUSTERED'
  Scheduler class: 'org.quartz.core.QuartzScheduler' - running locally.
  NOT STARTED.
  Currently in standby mode.
  Number of jobs executed: 0
  Using thread pool 'org.quartz.simpl.SimpleThreadPool' - with 10 threads.
  Using job-store 'org.quartz.simpl.RAMJobStore' - which does not support persistence. and is not clustered.

2020-10-08 14:40:12.695  INFO 18592 --- [main] org.quartz.impl.StdSchedulerFactory      : Quartz scheduler 'recoverScheduler' initialized from an externally provided properties instance.
2020-10-08 14:40:12.711  INFO 18592 --- [main] org.quartz.impl.StdSchedulerFactory      : Quartz scheduler version: 2.2.1
2020-10-08 14:40:12.752  INFO 18592 --- [main] org.quartz.core.QuartzScheduler          : JobFactory set to: org.springframework.scheduling.quartz.AdaptableJobFactory@1815577b
2020-10-08 14:40:12.948  INFO 18592 --- [main] org.quartz.core.QuartzScheduler          : Scheduler recoverScheduler_$_NON_CLUSTERED started.
2020-10-08 14:40:17.108  INFO 18592 --- [main] s.w.s.m.m.a.RequestMappingHandlerAdapter : Looking for @ControllerAdvice: org.springframework.boot.web.servlet.context.AnnotationConfigServletWebServerApplicationContext@3fc9504b: startup date [Thu Oct 08 14:40:03 CST 2020]; root of context hierarchy
2020-10-08 14:40:17.352  INFO 18592 --- [main] o.s.w.s.handler.SimpleUrlHandlerMapping  : Mapped URL path [/**/favicon.ico] onto handler of type [class org.springframework.web.servlet.resource.ResourceHttpRequestHandler]
2020-10-08 14:40:17.426  INFO 18592 --- [main] s.w.s.m.m.a.RequestMappingHandlerMapping : Mapped "{[/pay/test],methods=[POST]}" onto public void com.corn.alipay.controller.PayController.testCombinePay(java.lang.String,long,java.math.BigDecimal,java.math.BigDecimal)
2020-10-08 14:40:17.430  INFO 18592 --- [main] s.w.s.m.m.a.RequestMappingHandlerMapping : Mapped "{[/error]}" onto public org.springframework.http.ResponseEntity<java.util.Map<java.lang.String, java.lang.Object>> org.springframework.boot.autoconfigure.web.servlet.error.BasicErrorController.error(javax.servlet.http.HttpServletRequest)
2020-10-08 14:40:17.432  INFO 18592 --- [main] s.w.s.m.m.a.RequestMappingHandlerMapping : Mapped "{[/error],produces=[text/html]}" onto public org.springframework.web.servlet.ModelAndView org.springframework.boot.autoconfigure.web.servlet.error.BasicErrorController.errorHtml(javax.servlet.http.HttpServletRequest,javax.servlet.http.HttpServletResponse)
2020-10-08 14:40:17.434  INFO 18592 --- [main] s.w.s.m.m.a.RequestMappingHandlerMapping : Mapped "{[/global/error]}" onto public java.lang.String com.stylefeng.guns.core.base.controller.GlobalController.errorPage()
2020-10-08 14:40:17.435  INFO 18592 --- [main] s.w.s.m.m.a.RequestMappingHandlerMapping : Mapped "{[/global/sessionError]}" onto public java.lang.String com.stylefeng.guns.core.base.controller.GlobalController.errorPageInfo(org.springframework.ui.Model)
2020-10-08 14:40:17.591  INFO 18592 --- [main] o.s.w.s.handler.SimpleUrlHandlerMapping  : Mapped URL path [/webjars/**] onto handler of type [class org.springframework.web.servlet.resource.ResourceHttpRequestHandler]
2020-10-08 14:40:17.591  INFO 18592 --- [main] o.s.w.s.handler.SimpleUrlHandlerMapping  : Mapped URL path [/**] onto handler of type [class org.springframework.web.servlet.resource.ResourceHttpRequestHandler]
2020-10-08 14:40:18.335  INFO 18592 --- [main] com.alibaba.druid.pool.DruidDataSource   : {dataSource-2} inited
2020-10-08 14:40:19.040  INFO 18592 --- [main] o.s.b.a.e.web.EndpointLinksResolver      : Exposing 2 endpoint(s) beneath base path '/actuator'
2020-10-08 14:40:19.058  INFO 18592 --- [main] s.b.a.e.w.s.WebMvcEndpointHandlerMapping : Mapped "{[/actuator/health],methods=[GET],produces=[application/vnd.spring-boot.actuator.v2+json || application/json]}" onto public java.lang.Object org.springframework.boot.actuate.endpoint.web.servlet.AbstractWebMvcEndpointHandlerMapping$OperationHandler.handle(javax.servlet.http.HttpServletRequest,java.util.Map<java.lang.String, java.lang.String>)
2020-10-08 14:40:19.059  INFO 18592 --- [main] s.b.a.e.w.s.WebMvcEndpointHandlerMapping : Mapped "{[/actuator/info],methods=[GET],produces=[application/vnd.spring-boot.actuator.v2+json || application/json]}" onto public java.lang.Object org.springframework.boot.actuate.endpoint.web.servlet.AbstractWebMvcEndpointHandlerMapping$OperationHandler.handle(javax.servlet.http.HttpServletRequest,java.util.Map<java.lang.String, java.lang.String>)
2020-10-08 14:40:19.060  INFO 18592 --- [main] s.b.a.e.w.s.WebMvcEndpointHandlerMapping : Mapped "{[/actuator],methods=[GET],produces=[application/vnd.spring-boot.actuator.v2+json || application/json]}" onto protected java.util.Map<java.lang.String, java.util.Map<java.lang.String, org.springframework.boot.actuate.endpoint.web.Link>> org.springframework.boot.actuate.endpoint.web.servlet.WebMvcEndpointHandlerMapping.links(javax.servlet.http.HttpServletRequest,javax.servlet.http.HttpServletResponse)
2020-10-08 14:40:19.225  INFO 18592 --- [main] o.s.j.e.a.AnnotationMBeanExporter        : Registering beans for JMX exposure on startup
2020-10-08 14:40:19.226  INFO 18592 --- [main] o.s.j.e.a.AnnotationMBeanExporter        : Bean with name 'tccDataSource' has been autodetected for JMX exposure
2020-10-08 14:40:19.227  INFO 18592 --- [main] o.s.j.e.a.AnnotationMBeanExporter        : Bean with name 'dataSource' has been autodetected for JMX exposure
2020-10-08 14:40:19.237  INFO 18592 --- [main] o.s.j.e.a.AnnotationMBeanExporter        : Located MBean 'tccDataSource': registering with JMX server as MBean [com.alibaba.druid.pool:name=tccDataSource,type=DruidDataSource]
2020-10-08 14:40:19.238  INFO 18592 --- [main] o.s.j.e.a.AnnotationMBeanExporter        : Located MBean 'dataSource': registering with JMX server as MBean [com.alibaba.druid.pool:name=dataSource,type=DruidDataSource]
2020-10-08 14:40:19.246  INFO 18592 --- [main] o.s.c.support.DefaultLifecycleProcessor  : Starting beans in phase 2147483647
2020-10-08 14:40:19.288  INFO 18592 --- [main] o.s.b.w.embedded.tomcat.TomcatWebServer  : Tomcat started on port(s): 8090 (http) with context path ''
2020-10-08 14:40:19.293  INFO 18592 --- [main] com.corn.alipay.AlipayApplication        : Started AlipayApplication in 17.695 seconds (JVM running for 20.266)
2020-10-08 14:40:21.482  INFO 18592 --- [RMI TCP Connection(7)-192.168.43.148] o.a.c.c.C.[Tomcat].[localhost].[/]       : Initializing Spring FrameworkServlet 'dispatcherServlet'
2020-10-08 14:40:21.483  INFO 18592 --- [RMI TCP Connection(7)-192.168.43.148] o.s.web.servlet.DispatcherServlet        : FrameworkServlet 'dispatcherServlet': initialization started
2020-10-08 14:40:21.508  INFO 18592 --- [RMI TCP Connection(7)-192.168.43.148] o.s.web.servlet.DispatcherServlet        : FrameworkServlet 'dispatcherServlet': initialization completed in 24 ms
2020-10-08 14:41:33.539  INFO 18592 --- [http-nio-8090-exec-1] c.c.a.s.impl.CombinePayServiceImpl       : 订单id:415sdf58ew12ds5fe1,红包支付金额：10,账户支付金额：50,支付状态：PAYING
2020-10-08 14:41:34.006  INFO 18592 --- [pool-2-thread-1] c.c.a.s.impl.CombinePayServiceImpl       : 订单id:415sdf58ew12ds5fe1,红包支付金额：10,账户支付金额：50,支付状态：CONFIRMED
2020-10-08 14:50:10.387  INFO 18592 --- [Thread-26] ConfigServletWebServerApplicationContext : Closing org.springframework.boot.web.servlet.context.AnnotationConfigServletWebServerApplicationContext@3fc9504b: startup date [Thu Oct 08 14:40:03 CST 2020]; root of context hierarchy
2020-10-08 14:50:10.388  INFO 18592 --- [ZkClient-EventThread-44-localhost:2181] org.I0Itec.zkclient.ZkEventThread        : Terminate ZkClient event thread.
2020-10-08 14:50:10.391  INFO 18592 --- [Thread-26] o.s.c.support.DefaultLifecycleProcessor  : Stopping beans in phase 2147483647
2020-10-08 14:50:10.391  INFO 18592 --- [Thread-26] org.quartz.core.QuartzScheduler          : Scheduler recoverScheduler_$_NON_CLUSTERED paused.
2020-10-08 14:50:10.392  INFO 18592 --- [DubboShutdownHook] org.apache.zookeeper.ZooKeeper           : Session: 0x17506816bda000a closed
2020-10-08 14:50:10.393  INFO 18592 --- [DubboZkclientConnector-EventThread] org.apache.zookeeper.ClientCnxn          : EventThread shut down for session: 0x17506816bda000a
2020-10-08 14:50:10.394  INFO 18592 --- [Thread-26] o.s.j.e.a.AnnotationMBeanExporter        : Unregistering JMX-exposed beans on shutdown
2020-10-08 14:50:10.397  INFO 18592 --- [Thread-26] o.s.j.e.a.AnnotationMBeanExporter        : Unregistering JMX-exposed beans
2020-10-08 14:50:10.400  INFO 18592 --- [Thread-26] o.s.s.quartz.SchedulerFactoryBean        : Shutting down Quartz Scheduler
2020-10-08 14:50:10.401  INFO 18592 --- [Thread-26] org.quartz.core.QuartzScheduler          : Scheduler recoverScheduler_$_NON_CLUSTERED shutting down.
2020-10-08 14:50:10.401  INFO 18592 --- [Thread-26] org.quartz.core.QuartzScheduler          : Scheduler recoverScheduler_$_NON_CLUSTERED paused.
2020-10-08 14:50:10.402  INFO 18592 --- [Thread-26] org.quartz.core.QuartzScheduler          : Scheduler recoverScheduler_$_NON_CLUSTERED shutdown complete.
2020-10-08 14:50:10.406  INFO 18592 --- [Thread-26] com.alibaba.druid.pool.DruidDataSource   : {dataSource-1} closed
2020-10-08 14:50:10.408  INFO 18592 --- [Thread-26] com.alibaba.druid.pool.DruidDataSource   : {dataSource-2} closed
2020-10-08 14:52:26.037  INFO 2856 --- [main] com.corn.alipay.AlipayApplication        : Starting AlipayApplication on LAPTOP-7MSKLUV8 with PID 2856 (D:\work\gitCode\dubbo-with-guns\alipay-service\target\classes started by suyiming in D:\work\gitCode\dubbo-with-guns)
2020-10-08 14:52:26.047  INFO 2856 --- [main] com.corn.alipay.AlipayApplication        : No active profile set, falling back to default profiles: default
2020-10-08 14:52:26.174  INFO 2856 --- [main] ConfigServletWebServerApplicationContext : Refreshing org.springframework.boot.web.servlet.context.AnnotationConfigServletWebServerApplicationContext@5ef6ae06: startup date [Thu Oct 08 14:52:26 CST 2020]; root of context hierarchy
2020-10-08 14:52:27.677  WARN 2856 --- [main] o.m.s.mapper.ClassPathMapperScanner      : No MyBatis mapper was found in '[com.corn.alipay.*.dao, com.corn.alipay.dao]' package. Please check your configuration.
2020-10-08 14:52:27.678  INFO 2856 --- [main] o.s.b.f.xml.XmlBeanDefinitionReader      : Loading XML bean definitions from class path resource [tcc-transaction.xml]
2020-10-08 14:52:27.899  INFO 2856 --- [main] o.s.b.f.xml.XmlBeanDefinitionReader      : Loading XML bean definitions from class path resource [tcc-transaction-dubbo.xml]
2020-10-08 14:52:28.253  WARN 2856 --- [main] o.m.s.mapper.ClassPathMapperScanner      : No MyBatis mapper was found in '[com.corn.alipay]' package. Please check your configuration.
2020-10-08 14:52:28.261  INFO 2856 --- [main] o.s.b.f.s.DefaultListableBeanFactory     : Overriding bean definition for bean 'error' with a different definition: replacing [Root bean: class [null]; scope=; abstract=false; lazyInit=false; autowireMode=3; dependencyCheck=0; autowireCandidate=true; primary=false; factoryBeanName=org.springframework.boot.autoconfigure.web.servlet.error.ErrorMvcAutoConfiguration$WhitelabelErrorViewConfiguration; factoryMethodName=defaultErrorView; initMethodName=null; destroyMethodName=(inferred); defined in class path resource [org/springframework/boot/autoconfigure/web/servlet/error/ErrorMvcAutoConfiguration$WhitelabelErrorViewConfiguration.class]] with [Root bean: class [null]; scope=; abstract=false; lazyInit=false; autowireMode=3; dependencyCheck=0; autowireCandidate=true; primary=false; factoryBeanName=com.stylefeng.guns.core.config.DefaultWebConfig; factoryMethodName=error; initMethodName=null; destroyMethodName=(inferred); defined in class path resource [com/stylefeng/guns/core/config/DefaultWebConfig.class]]
2020-10-08 14:52:28.263  INFO 2856 --- [main] o.s.b.f.s.DefaultListableBeanFactory     : Overriding bean definition for bean 'paginationInterceptor' with a different definition: replacing [Root bean: class [null]; scope=; abstract=false; lazyInit=false; autowireMode=3; dependencyCheck=0; autowireCandidate=true; primary=false; factoryBeanName=mybatisPlusConfig; factoryMethodName=paginationInterceptor; initMethodName=null; destroyMethodName=(inferred); defined in class path resource [com/corn/alipay/config/MybatisPlusConfig.class]] with [Root bean: class [null]; scope=; abstract=false; lazyInit=false; autowireMode=3; dependencyCheck=0; autowireCandidate=true; primary=false; factoryBeanName=com.stylefeng.guns.core.config.SingleDataSourceConfig; factoryMethodName=paginationInterceptor; initMethodName=null; destroyMethodName=(inferred); defined in class path resource [com/stylefeng/guns/core/config/SingleDataSourceConfig.class]]
2020-10-08 14:52:28.265  WARN 2856 --- [main] o.m.s.mapper.ClassPathMapperScanner      : No MyBatis mapper was found in '[com.stylefeng.guns.modular.*.dao]' package. Please check your configuration.
2020-10-08 14:52:29.540  INFO 2856 --- [main] trationDelegate$BeanPostProcessorChecker : Bean 'dubbo-consumer' of type [com.alibaba.dubbo.config.ApplicationConfig] is not eligible for getting processed by all BeanPostProcessors (for example: not eligible for auto-proxying)
2020-10-08 14:52:29.554  INFO 2856 --- [main] trationDelegate$BeanPostProcessorChecker : Bean 'com.alibaba.dubbo.config.RegistryConfig' of type [com.alibaba.dubbo.config.RegistryConfig] is not eligible for getting processed by all BeanPostProcessors (for example: not eligible for auto-proxying)
2020-10-08 14:52:29.557  INFO 2856 --- [main] trationDelegate$BeanPostProcessorChecker : Bean 'redPacketTradeOrderService' of type [com.alibaba.dubbo.config.spring.ReferenceBean] is not eligible for getting processed by all BeanPostProcessors (for example: not eligible for auto-proxying)
2020-10-08 14:52:29.571  INFO 2856 --- [main] trationDelegate$BeanPostProcessorChecker : Bean 'capitalTradeOrderService' of type [com.alibaba.dubbo.config.spring.ReferenceBean] is not eligible for getting processed by all BeanPostProcessors (for example: not eligible for auto-proxying)
2020-10-08 14:52:29.582  INFO 2856 --- [main] trationDelegate$BeanPostProcessorChecker : Bean 'orderServiceAPI' of type [com.alibaba.dubbo.config.spring.ReferenceBean] is not eligible for getting processed by all BeanPostProcessors (for example: not eligible for auto-proxying)
2020-10-08 14:52:29.772  INFO 2856 --- [main] trationDelegate$BeanPostProcessorChecker : Bean 'org.springframework.transaction.annotation.ProxyTransactionManagementConfiguration' of type [org.springframework.transaction.annotation.ProxyTransactionManagementConfiguration$$EnhancerBySpringCGLIB$$48f58437] is not eligible for getting processed by all BeanPostProcessors (for example: not eligible for auto-proxying)
2020-10-08 14:52:30.159  INFO 2856 --- [main] trationDelegate$BeanPostProcessorChecker : Bean 'org.springframework.boot.context.properties.ConversionServiceDeducer$Factory' of type [org.springframework.boot.context.properties.ConversionServiceDeducer$Factory] is not eligible for getting processed by all BeanPostProcessors (for example: not eligible for auto-proxying)
2020-10-08 14:52:30.191  INFO 2856 --- [main] trationDelegate$BeanPostProcessorChecker : Bean 'spring.dubbo-com.alibaba.dubbo.spring.boot.DubboProperties' of type [com.alibaba.dubbo.spring.boot.DubboProperties] is not eligible for getting processed by all BeanPostProcessors (for example: not eligible for auto-proxying)
2020-10-08 14:52:30.197  INFO 2856 --- [main] trationDelegate$BeanPostProcessorChecker : Bean 'com.alibaba.dubbo.spring.boot.DubboConsumerAutoConfiguration' of type [com.alibaba.dubbo.spring.boot.DubboConsumerAutoConfiguration$$EnhancerBySpringCGLIB$$83101d59] is not eligible for getting processed by all BeanPostProcessors (for example: not eligible for auto-proxying)
2020-10-08 14:52:30.828  INFO 2856 --- [main] o.s.b.w.embedded.tomcat.TomcatWebServer  : Tomcat initialized with port(s): 8090 (http)
2020-10-08 14:52:30.896  INFO 2856 --- [main] o.apache.catalina.core.StandardService   : Starting service [Tomcat]
2020-10-08 14:52:30.897  INFO 2856 --- [main] org.apache.catalina.core.StandardEngine  : Starting Servlet Engine: Apache Tomcat/8.5.29
2020-10-08 14:52:30.908  INFO 2856 --- [localhost-startStop-1] o.a.catalina.core.AprLifecycleListener   : The APR based Apache Tomcat Native library which allows optimal performance in production environments was not found on the java.library.path: [D:\Program Files\Java\jdk1.8.0_111\bin;C:\Windows\Sun\Java\bin;C:\Windows\system32;C:\Windows;C:\ProgramData\Oracle\Java\javapath;C:\Windows\system32;C:\Windows;C:\Windows\System32\Wbem;C:\Windows\System32\WindowsPowerShell\v1.0\;C:\Windows\System32\OpenSSH\;C:\Program Files (x86)\NVIDIA Corporation\PhysX\Common;C:\Program Files\NVIDIA Corporation\NVIDIA NvDLISR;D:\Program Files\Git\cmd;D:\Program Files\TortoiseGit\bin;D:\Program Files\EmEditor;D:\Program Files\apache-maven-3.3.9\bin;D:\Program Files\Java\jdk1.8.0_111\bin;D:\Program Files\Java\jdk1.8.0_111\jre\bin;D:\Program Files\nodejs\;C:\Users\suyiming\AppData\Local\Microsoft\WindowsApps;D:\Program Files\apache-maven-3.3.9\bin;C:\Users\suyiming\AppData\Roaming\npm;.]
2020-10-08 14:52:31.226  INFO 2856 --- [localhost-startStop-1] o.a.c.c.C.[Tomcat].[localhost].[/]       : Initializing Spring embedded WebApplicationContext
2020-10-08 14:52:31.227  INFO 2856 --- [localhost-startStop-1] o.s.web.context.ContextLoader            : Root WebApplicationContext: initialization completed in 5054 ms
2020-10-08 14:52:32.532  INFO 2856 --- [localhost-startStop-1] com.alibaba.druid.pool.DruidDataSource   : {dataSource-1} inited
2020-10-08 14:52:33.718  INFO 2856 --- [localhost-startStop-1] o.s.b.w.servlet.ServletRegistrationBean  : Servlet dispatcherServlet mapped to [/]
2020-10-08 14:52:33.725  INFO 2856 --- [localhost-startStop-1] o.s.b.w.servlet.FilterRegistrationBean   : Mapping filter: 'characterEncodingFilter' to: [/*]
2020-10-08 14:52:33.726  INFO 2856 --- [localhost-startStop-1] o.s.b.w.servlet.FilterRegistrationBean   : Mapping filter: 'hiddenHttpMethodFilter' to: [/*]
2020-10-08 14:52:33.726  INFO 2856 --- [localhost-startStop-1] o.s.b.w.servlet.FilterRegistrationBean   : Mapping filter: 'httpPutFormContentFilter' to: [/*]
2020-10-08 14:52:33.726  INFO 2856 --- [localhost-startStop-1] o.s.b.w.servlet.FilterRegistrationBean   : Mapping filter: 'requestContextFilter' to: [/*]
2020-10-08 14:52:33.726  INFO 2856 --- [localhost-startStop-1] o.s.b.w.servlet.FilterRegistrationBean   : Mapping filter: 'httpTraceFilter' to: [/*]
2020-10-08 14:52:33.727  INFO 2856 --- [localhost-startStop-1] o.s.b.w.servlet.FilterRegistrationBean   : Mapping filter: 'webMvcMetricsFilter' to: [/*]
2020-10-08 14:52:34.157  INFO 2856 --- [ZkClient-EventThread-43-localhost:2181] org.I0Itec.zkclient.ZkEventThread        : Starting ZkClient event thread.
2020-10-08 14:52:34.162  INFO 2856 --- [DubboZkclientConnector] org.apache.zookeeper.ZooKeeper           : Client environment:zookeeper.version=3.4.8--1, built on 02/06/2016 03:18 GMT
2020-10-08 14:52:34.163  INFO 2856 --- [DubboZkclientConnector] org.apache.zookeeper.ZooKeeper           : Client environment:host.name=LAPTOP-7MSKLUV8
2020-10-08 14:52:34.163  INFO 2856 --- [DubboZkclientConnector] org.apache.zookeeper.ZooKeeper           : Client environment:java.version=1.8.0_111
2020-10-08 14:52:34.163  INFO 2856 --- [DubboZkclientConnector] org.apache.zookeeper.ZooKeeper           : Client environment:java.vendor=Oracle Corporation
2020-10-08 14:52:34.163  INFO 2856 --- [DubboZkclientConnector] org.apache.zookeeper.ZooKeeper           : Client environment:java.home=D:\Program Files\Java\jdk1.8.0_111\jre
2020-10-08 14:52:34.163  INFO 2856 --- [DubboZkclientConnector] org.apache.zookeeper.ZooKeeper           : Client environment:java.class.path=D:\Program Files\Java\jdk1.8.0_111\jre\lib\charsets.jar;D:\Program Files\Java\jdk1.8.0_111\jre\lib\deploy.jar;D:\Program Files\Java\jdk1.8.0_111\jre\lib\ext\access-bridge-64.jar;D:\Program Files\Java\jdk1.8.0_111\jre\lib\ext\cldrdata.jar;D:\Program Files\Java\jdk1.8.0_111\jre\lib\ext\dnsns.jar;D:\Program Files\Java\jdk1.8.0_111\jre\lib\ext\jaccess.jar;D:\Program Files\Java\jdk1.8.0_111\jre\lib\ext\jfxrt.jar;D:\Program Files\Java\jdk1.8.0_111\jre\lib\ext\localedata.jar;D:\Program Files\Java\jdk1.8.0_111\jre\lib\ext\nashorn.jar;D:\Program Files\Java\jdk1.8.0_111\jre\lib\ext\sunec.jar;D:\Program Files\Java\jdk1.8.0_111\jre\lib\ext\sunjce_provider.jar;D:\Program Files\Java\jdk1.8.0_111\jre\lib\ext\sunmscapi.jar;D:\Program Files\Java\jdk1.8.0_111\jre\lib\ext\sunpkcs11.jar;D:\Program Files\Java\jdk1.8.0_111\jre\lib\ext\zipfs.jar;D:\Program Files\Java\jdk1.8.0_111\jre\lib\javaws.jar;D:\Program Files\Java\jdk1.8.0_111\jre\lib\jce.jar;D:\Program Files\Java\jdk1.8.0_111\jre\lib\jfr.jar;D:\Program Files\Java\jdk1.8.0_111\jre\lib\jfxswt.jar;D:\Program Files\Java\jdk1.8.0_111\jre\lib\jsse.jar;D:\Program Files\Java\jdk1.8.0_111\jre\lib\management-agent.jar;D:\Program Files\Java\jdk1.8.0_111\jre\lib\plugin.jar;D:\Program Files\Java\jdk1.8.0_111\jre\lib\resources.jar;D:\Program Files\Java\jdk1.8.0_111\jre\lib\rt.jar;D:\work\gitCode\dubbo-with-guns\alipay-service\target\classes;D:\work\repo\com\alipay\sdk\alipay-sdk-java\3.0.0\alipay-sdk-java-3.0.0.jar;D:\work\repo\commons-lang\commons-lang\2.6\commons-lang-2.6.jar;D:\work\repo\commons-configuration\commons-configuration\1.10\commons-configuration-1.10.jar;D:\work\repo\commons-codec\commons-codec\1.11\commons-codec-1.11.jar;D:\work\repo\com\google\zxing\core\3.2.1\core-3.2.1.jar;D:\work\repo\com\google\code\gson\gson\2.8.5\gson-2.8.5.jar;D:\work\repo\org\springframework\boot\spring-boot-starter-web\2.0.1.RELEASE\spring-boot-starter-web-2.0.1.RELEASE.jar;D:\work\repo\org\springframework\boot\spring-boot-starter-json\2.0.1.RELEASE\spring-boot-starter-json-2.0.1.RELEASE.jar;D:\work\repo\com\fasterxml\jackson\datatype\jackson-datatype-jdk8\2.9.5\jackson-datatype-jdk8-2.9.5.jar;D:\work\repo\com\fasterxml\jackson\datatype\jackson-datatype-jsr310\2.9.5\jackson-datatype-jsr310-2.9.5.jar;D:\work\repo\com\fasterxml\jackson\module\jackson-module-parameter-names\2.9.5\jackson-module-parameter-names-2.9.5.jar;D:\work\repo\org\springframework\boot\spring-boot-starter-tomcat\2.0.1.RELEASE\spring-boot-starter-tomcat-2.0.1.RELEASE.jar;D:\work\repo\org\apache\tomcat\embed\tomcat-embed-core\8.5.29\tomcat-embed-core-8.5.29.jar;D:\work\repo\org\apache\tomcat\embed\tomcat-embed-el\8.5.29\tomcat-embed-el-8.5.29.jar;D:\work\repo\org\apache\tomcat\embed\tomcat-embed-websocket\8.5.29\tomcat-embed-websocket-8.5.29.jar;D:\work\repo\org\hibernate\validator\hibernate-validator\6.0.9.Final\hibernate-validator-6.0.9.Final.jar;D:\work\repo\javax\validation\validation-api\2.0.1.Final\validation-api-2.0.1.Final.jar;D:\work\repo\org\jboss\logging\jboss-logging\3.3.2.Final\jboss-logging-3.3.2.Final.jar;D:\work\repo\com\fasterxml\classmate\1.3.4\classmate-1.3.4.jar;D:\work\repo\org\springframework\spring-web\5.0.5.RELEASE\spring-web-5.0.5.RELEASE.jar;D:\work\repo\org\springframework\spring-webmvc\5.0.5.RELEASE\spring-webmvc-5.0.5.RELEASE.jar;D:\work\repo\org\springframework\spring-expression\5.0.5.RELEASE\spring-expression-5.0.5.RELEASE.jar;D:\work\repo\com\alibaba\spring\boot\dubbo-spring-boot-starter\2.0.0\dubbo-spring-boot-starter-2.0.0.jar;D:\work\repo\com\alibaba\dubbo\2.6.0\dubbo-2.6.0.jar;D:\work\repo\org\javassist\javassist\3.20.0-GA\javassist-3.20.0-GA.jar;D:\work\repo\org\jboss\netty\netty\3.2.5.Final\netty-3.2.5.Final.jar;D:\work\repo\org\springframework\boot\spring-boot-starter-actuator\2.0.1.RELEASE\spring-boot-starter-actuator-2.0.1.RELEASE.jar;D:\work\repo\org\springframework\boot\spring-boot-actuator-autoconfigure\2.0.1.RELEASE\spring-boot-actuator-autoconfigure-2.0.1.RELEASE.jar;D:\work\repo\org\springframework\boot\spring-boot-actuator\2.0.1.RELEASE\spring-boot-actuator-2.0.1.RELEASE.jar;D:\work\repo\io\micrometer\micrometer-core\1.0.3\micrometer-core-1.0.3.jar;D:\work\repo\org\hdrhistogram\HdrHistogram\2.1.10\HdrHistogram-2.1.10.jar;D:\work\repo\org\latencyutils\LatencyUtils\2.0.3\LatencyUtils-2.0.3.jar;D:\work\repo\org\springframework\spring-core\5.0.5.RELEASE\spring-core-5.0.5.RELEASE.jar;D:\work\repo\org\springframework\spring-jcl\5.0.5.RELEASE\spring-jcl-5.0.5.RELEASE.jar;D:\work\repo\org\springframework\boot\spring-boot-starter-aop\2.0.1.RELEASE\spring-boot-starter-aop-2.0.1.RELEASE.jar;D:\work\repo\org\springframework\spring-aop\5.0.5.RELEASE\spring-aop-5.0.5.RELEASE.jar;D:\work\repo\org\aspectj\aspectjweaver\1.8.13\aspectjweaver-1.8.13.jar;D:\work\repo\org\springframework\spring-context-support\5.0.5.RELEASE\spring-context-support-5.0.5.RELEASE.jar;D:\work\repo\org\springframework\spring-beans\5.0.5.RELEASE\spring-beans-5.0.5.RELEASE.jar;D:\work\repo\org\springframework\spring-context\5.0.5.RELEASE\spring-context-5.0.5.RELEASE.jar;D:\work\repo\io\jsonwebtoken\jjwt\0.9.0\jjwt-0.9.0.jar;D:\work\repo\com\fasterxml\jackson\core\jackson-databind\2.9.5\jackson-databind-2.9.5.jar;D:\work\repo\com\fasterxml\jackson\core\jackson-annotations\2.9.0\jackson-annotations-2.9.0.jar;D:\work\repo\com\fasterxml\jackson\core\jackson-core\2.9.5\jackson-core-2.9.5.jar;D:\work\gitCode\dubbo-with-guns\guns-core\target\classes;D:\work\repo\com\baomidou\mybatisplus-spring-boot-starter\1.0.5\mybatisplus-spring-boot-starter-1.0.5.jar;D:\work\repo\org\springframework\boot\spring-boot-configuration-processor\2.0.1.RELEASE\spring-boot-configuration-processor-2.0.1.RELEASE.jar;D:\work\repo\com\baomidou\mybatis-plus\2.3\mybatis-plus-2.3.jar;D:\work\repo\com\baomidou\mybatis-plus-core\2.3\mybatis-plus-core-2.3.jar;D:\work\repo\com\github\jsqlparser\jsqlparser\1.1\jsqlparser-1.1.jar;D:\work\repo\org\mybatis\mybatis-spring\1.3.2\mybatis-spring-1.3.2.jar;D:\work\repo\org\mybatis\mybatis\3.4.6\mybatis-3.4.6.jar;D:\work\repo\com\baomidou\mybatis-plus-generate\2.3\mybatis-plus-generate-2.3.jar;D:\work\repo\org\apache\velocity\velocity\1.7\velocity-1.7.jar;D:\work\repo\commons-collections\commons-collections\3.2.1\commons-collections-3.2.1.jar;D:\work\repo\mysql\mysql-connector-java\8.0.11\mysql-connector-java-8.0.11.jar;D:\work\repo\com\google\protobuf\protobuf-java\2.6.0\protobuf-java-2.6.0.jar;D:\work\repo\org\springframework\boot\spring-boot-starter-jdbc\2.0.1.RELEASE\spring-boot-starter-jdbc-2.0.1.RELEASE.jar;D:\work\repo\com\zaxxer\HikariCP\2.7.8\HikariCP-2.7.8.jar;D:\work\repo\org\springframework\spring-jdbc\5.0.5.RELEASE\spring-jdbc-5.0.5.RELEASE.jar;D:\work\repo\org\springframework\spring-tx\5.0.5.RELEASE\spring-tx-5.0.5.RELEASE.jar;D:\work\repo\com\alibaba\druid\1.1.10\druid-1.1.10.jar;D:\work\repo\com\alibaba\fastjson\1.2.47\fastjson-1.2.47.jar;D:\work\repo\org\apache\commons\commons-lang3\3.7\commons-lang3-3.7.jar;D:\work\gitCode\dubbo-with-guns\api-service\target\classes;D:\work\repo\com\baomidou\mybatis-plus-support\2.3\mybatis-plus-support-2.3.jar;D:\work\repo\log4j\log4j\1.2.17\log4j-1.2.17.jar;D:\work\repo\com\101tec\zkclient\0.10\zkclient-0.10.jar;D:\work\repo\org\slf4j\slf4j-api\1.7.25\slf4j-api-1.7.25.jar;D:\work\repo\org\apache\zookeeper\zookeeper\3.4.8\zookeeper-3.4.8.jar;D:\work\repo\jline\jline\0.9.94\jline-0.9.94.jar;D:\work\repo\io\netty\netty\3.7.0.Final\netty-3.7.0.Final.jar;D:\work\repo\commons-net\commons-net\3.6\commons-net-3.6.jar;D:\work\repo\org\projectlombok\lombok\1.18.0\lombok-1.18.0.jar;D:\work\repo\org\mengyun\tcc-transaction-dubbo\1.2.4.23\tcc-transaction-dubbo-1.2.4.23.jar;D:\work\repo\org\mengyun\tcc-transaction-spring\1.2.4.23\tcc-transaction-spring-1.2.4.23.jar;D:\work\repo\org\quartz-scheduler\quartz\2.2.1\quartz-2.2.1.jar;D:\work\repo\c3p0\c3p0\0.9.1.1\c3p0-0.9.1.1.jar;D:\work\repo\org\mengyun\tcc-transaction-core\1.2.4.23\tcc-transaction-core-1.2.4.23.jar;D:\work\repo\org\mengyun\tcc-transaction-api\1.2.4.23\tcc-transaction-api-1.2.4.23.jar;D:\work\repo\com\google\guava\guava\23.0\guava-23.0.jar;D:\work\repo\com\google\code\findbugs\jsr305\1.3.9\jsr305-1.3.9.jar;D:\work\repo\com\google\errorprone\error_prone_annotations\2.0.18\error_prone_annotations-2.0.18.jar;D:\work\repo\com\google\j2objc\j2objc-annotations\1.1\j2objc-annotations-1.1.jar;D:\work\repo\org\codehaus\mojo\animal-sniffer-annotations\1.14\animal-sniffer-annotations-1.14.jar;D:\work\repo\com\esotericsoftware\kryo-shaded\4.0.2\kryo-shaded-4.0.2.jar;D:\work\repo\com\esotericsoftware\minlog\1.3.0\minlog-1.3.0.jar;D:\work\repo\org\objenesis\objenesis\2.5.1\objenesis-2.5.1.jar;D:\work\repo\io\zipkin\brave\brave-instrumentation-dubbo-rpc\5.5.0\brave-instrumentation-dubbo-rpc-5.5.0.jar;D:\work\repo\io\zipkin\brave\brave\5.5.0\brave-5.5.0.jar;D:\work\repo\io\zipkin\brave\brave-spring-beans\5.5.0\brave-spring-beans-5.5.0.jar;D:\work\repo\io\zipkin\brave\brave-instrumentation-http\5.5.0\brave-instrumentation-http-5.5.0.jar;D:\work\repo\io\zipkin\reporter2\zipkin-reporter-spring-beans\2.7.10\zipkin-reporter-spring-beans-2.7.10.jar;D:\work\repo\io\zipkin\brave\brave-context-slf4j\5.5.0\brave-context-slf4j-5.5.0.jar;D:\work\repo\io\zipkin\reporter2\zipkin-sender-okhttp3\2.7.10\zipkin-sender-okhttp3-2.7.10.jar;D:\work\repo\io\zipkin\reporter2\zipkin-reporter\2.7.10\zipkin-reporter-2.7.10.jar;D:\work\repo\com\squareup\okhttp3\okhttp\3.11.0\okhttp-3.11.0.jar;D:\work\repo\com\squareup\okio\okio\1.14.0\okio-1.14.0.jar;D:\work\repo\io\zipkin\zipkin2\zipkin\2.11.7\zipkin-2.11.7.jar;D:\work\repo\org\apache\curator\curator-framework\4.0.1\curator-framework-4.0.1.jar;D:\work\repo\org\apache\curator\curator-client\4.0.1\curator-client-4.0.1.jar;D:\work\repo\org\springframework\boot\spring-boot-starter\2.0.1.RELEASE\spring-boot-starter-2.0.1.RELEASE.jar;D:\work\repo\org\springframework\boot\spring-boot\2.0.1.RELEASE\spring-boot-2.0.1.RELEASE.jar;D:\work\repo\org\springframework\boot\spring-boot-autoconfigure\2.0.1.RELEASE\spring-boot-autoconfigure-2.0.1.RELEASE.jar;D:\work\repo\org\springframework\boot\spring-boot-starter-logging\2.0.1.RELEASE\spring-boot-starter-logging-2.0.1.RELEASE.jar;D:\work\repo\ch\qos\logback\logback-classic\1.2.3\logback-classic-1.2.3.jar;D:\work\repo\ch\qos\logback\logback-core\1.2.3\logback-core-1.2.3.jar;D:\work\repo\org\apache\logging\log4j\log4j-to-slf4j\2.10.0\log4j-to-slf4j-2.10.0.jar;D:\work\repo\org\apache\logging\log4j\log4j-api\2.10.0\log4j-api-2.10.0.jar;D:\work\repo\org\slf4j\jul-to-slf4j\1.7.25\jul-to-slf4j-1.7.25.jar;D:\work\repo\javax\annotation\javax.annotation-api\1.3.2\javax.annotation-api-1.3.2.jar;D:\work\repo\org\yaml\snakeyaml\1.19\snakeyaml-1.19.jar;D:\Program Files\JetBrains\IntelliJ IDEA 2019.3.2\lib\idea_rt.jar;C:\Users\suyiming\.IntelliJIdea2019.3\system\captureAgent\debugger-agent.jar
2020-10-08 14:52:34.164  INFO 2856 --- [DubboZkclientConnector] org.apache.zookeeper.ZooKeeper           : Client environment:java.library.path=D:\Program Files\Java\jdk1.8.0_111\bin;C:\Windows\Sun\Java\bin;C:\Windows\system32;C:\Windows;C:\ProgramData\Oracle\Java\javapath;C:\Windows\system32;C:\Windows;C:\Windows\System32\Wbem;C:\Windows\System32\WindowsPowerShell\v1.0\;C:\Windows\System32\OpenSSH\;C:\Program Files (x86)\NVIDIA Corporation\PhysX\Common;C:\Program Files\NVIDIA Corporation\NVIDIA NvDLISR;D:\Program Files\Git\cmd;D:\Program Files\TortoiseGit\bin;D:\Program Files\EmEditor;D:\Program Files\apache-maven-3.3.9\bin;D:\Program Files\Java\jdk1.8.0_111\bin;D:\Program Files\Java\jdk1.8.0_111\jre\bin;D:\Program Files\nodejs\;C:\Users\suyiming\AppData\Local\Microsoft\WindowsApps;D:\Program Files\apache-maven-3.3.9\bin;C:\Users\suyiming\AppData\Roaming\npm;.
2020-10-08 14:52:34.164  INFO 2856 --- [DubboZkclientConnector] org.apache.zookeeper.ZooKeeper           : Client environment:java.io.tmpdir=C:\Users\suyiming\AppData\Local\Temp\
2020-10-08 14:52:34.164  INFO 2856 --- [DubboZkclientConnector] org.apache.zookeeper.ZooKeeper           : Client environment:java.compiler=<NA>
2020-10-08 14:52:34.164  INFO 2856 --- [DubboZkclientConnector] org.apache.zookeeper.ZooKeeper           : Client environment:os.name=Windows 10
2020-10-08 14:52:34.165  INFO 2856 --- [DubboZkclientConnector] org.apache.zookeeper.ZooKeeper           : Client environment:os.arch=amd64
2020-10-08 14:52:34.165  INFO 2856 --- [DubboZkclientConnector] org.apache.zookeeper.ZooKeeper           : Client environment:os.version=10.0
2020-10-08 14:52:34.165  INFO 2856 --- [DubboZkclientConnector] org.apache.zookeeper.ZooKeeper           : Client environment:user.name=suyiming
2020-10-08 14:52:34.165  INFO 2856 --- [DubboZkclientConnector] org.apache.zookeeper.ZooKeeper           : Client environment:user.home=C:\Users\suyiming
2020-10-08 14:52:34.165  INFO 2856 --- [DubboZkclientConnector] org.apache.zookeeper.ZooKeeper           : Client environment:user.dir=D:\work\gitCode\dubbo-with-guns
2020-10-08 14:52:34.166  INFO 2856 --- [DubboZkclientConnector] org.apache.zookeeper.ZooKeeper           : Initiating client connection, connectString=localhost:2181 sessionTimeout=30000 watcher=org.I0Itec.zkclient.ZkClient@6dba8d42
2020-10-08 14:52:34.190  INFO 2856 --- [DubboZkclientConnector] org.I0Itec.zkclient.ZkClient             : Waiting for keeper state SyncConnected
2020-10-08 14:52:34.197  INFO 2856 --- [DubboZkclientConnector-SendThread(127.0.0.1:2181)] org.apache.zookeeper.ClientCnxn          : Opening socket connection to server 127.0.0.1/127.0.0.1:2181. Will not attempt to authenticate using SASL (unknown error)
2020-10-08 14:52:34.215  INFO 2856 --- [DubboZkclientConnector-SendThread(127.0.0.1:2181)] org.apache.zookeeper.ClientCnxn          : Socket connection established to 127.0.0.1/127.0.0.1:2181, initiating session
2020-10-08 14:52:34.236  INFO 2856 --- [DubboZkclientConnector-SendThread(127.0.0.1:2181)] org.apache.zookeeper.ClientCnxn          : Session establishment complete on server 127.0.0.1/127.0.0.1:2181, sessionid = 0x17506816bda000f, negotiated timeout = 30000
2020-10-08 14:52:34.240  INFO 2856 --- [DubboZkclientConnector-EventThread] org.I0Itec.zkclient.ZkClient             : zookeeper state changed (SyncConnected)
2020-10-08 14:52:36.224  INFO 2856 --- [main] com.corn.alipay.config.Configs           : 配置文件名: zfbinfo.properties
2020-10-08 14:52:36.225  INFO 2856 --- [main] com.corn.alipay.config.Configs           : Configs{支付宝openapi网关: https://openapi.alipaydev.com/gateway.do
, 支付宝mcloudapi网关域名: http://mcloudmonitor.com/gateway.do
, pid: 2088102174764996
, appid: 2016090900468078
, 商户RSA私钥: MIIEvw******8+zA==
, 商户RSA公钥: MIIBIj******IDAQAB
, 支付宝RSA公钥: MIIBIj******IDAQAB
, 签名类型: RSA2
, 查询重试次数: 5
, 查询间隔(毫秒): 5000
, 撤销尝试次数: 3
, 撤销重试间隔(毫秒): 2000
, 交易保障调度延迟(秒): 5
, 交易保障调度间隔(秒): 900
}
2020-10-08 14:52:36.469  INFO 2856 --- [main] org.quartz.impl.StdSchedulerFactory      : Using default implementation for ThreadExecutor
2020-10-08 14:52:36.492  INFO 2856 --- [main] org.quartz.core.SchedulerSignalerImpl    : Initialized Scheduler Signaller of type: class org.quartz.core.SchedulerSignalerImpl
2020-10-08 14:52:36.496  INFO 2856 --- [main] org.quartz.core.QuartzScheduler          : Quartz Scheduler v.2.2.1 created.
2020-10-08 14:52:36.497  INFO 2856 --- [main] org.quartz.simpl.RAMJobStore             : RAMJobStore initialized.
2020-10-08 14:52:36.499  INFO 2856 --- [main] org.quartz.core.QuartzScheduler          : Scheduler meta-data: Quartz Scheduler (v2.2.1) 'recoverScheduler' with instanceId 'NON_CLUSTERED'
  Scheduler class: 'org.quartz.core.QuartzScheduler' - running locally.
  NOT STARTED.
  Currently in standby mode.
  Number of jobs executed: 0
  Using thread pool 'org.quartz.simpl.SimpleThreadPool' - with 10 threads.
  Using job-store 'org.quartz.simpl.RAMJobStore' - which does not support persistence. and is not clustered.

2020-10-08 14:52:36.500  INFO 2856 --- [main] org.quartz.impl.StdSchedulerFactory      : Quartz scheduler 'recoverScheduler' initialized from an externally provided properties instance.
2020-10-08 14:52:36.500  INFO 2856 --- [main] org.quartz.impl.StdSchedulerFactory      : Quartz scheduler version: 2.2.1
2020-10-08 14:52:36.504  INFO 2856 --- [main] org.quartz.core.QuartzScheduler          : JobFactory set to: org.springframework.scheduling.quartz.AdaptableJobFactory@6734ff92
2020-10-08 14:52:36.549  INFO 2856 --- [main] org.quartz.core.QuartzScheduler          : Scheduler recoverScheduler_$_NON_CLUSTERED started.
2020-10-08 14:52:37.332  INFO 2856 --- [main] s.w.s.m.m.a.RequestMappingHandlerAdapter : Looking for @ControllerAdvice: org.springframework.boot.web.servlet.context.AnnotationConfigServletWebServerApplicationContext@5ef6ae06: startup date [Thu Oct 08 14:52:26 CST 2020]; root of context hierarchy
2020-10-08 14:52:37.532  INFO 2856 --- [main] o.s.w.s.handler.SimpleUrlHandlerMapping  : Mapped URL path [/**/favicon.ico] onto handler of type [class org.springframework.web.servlet.resource.ResourceHttpRequestHandler]
2020-10-08 14:52:37.616  INFO 2856 --- [main] s.w.s.m.m.a.RequestMappingHandlerMapping : Mapped "{[/pay/test],methods=[POST]}" onto public void com.corn.alipay.controller.PayController.testCombinePay(java.lang.String,long,java.math.BigDecimal,java.math.BigDecimal)
2020-10-08 14:52:37.621  INFO 2856 --- [main] s.w.s.m.m.a.RequestMappingHandlerMapping : Mapped "{[/error]}" onto public org.springframework.http.ResponseEntity<java.util.Map<java.lang.String, java.lang.Object>> org.springframework.boot.autoconfigure.web.servlet.error.BasicErrorController.error(javax.servlet.http.HttpServletRequest)
2020-10-08 14:52:37.622  INFO 2856 --- [main] s.w.s.m.m.a.RequestMappingHandlerMapping : Mapped "{[/error],produces=[text/html]}" onto public org.springframework.web.servlet.ModelAndView org.springframework.boot.autoconfigure.web.servlet.error.BasicErrorController.errorHtml(javax.servlet.http.HttpServletRequest,javax.servlet.http.HttpServletResponse)
2020-10-08 14:52:37.625  INFO 2856 --- [main] s.w.s.m.m.a.RequestMappingHandlerMapping : Mapped "{[/global/error]}" onto public java.lang.String com.stylefeng.guns.core.base.controller.GlobalController.errorPage()
2020-10-08 14:52:37.625  INFO 2856 --- [main] s.w.s.m.m.a.RequestMappingHandlerMapping : Mapped "{[/global/sessionError]}" onto public java.lang.String com.stylefeng.guns.core.base.controller.GlobalController.errorPageInfo(org.springframework.ui.Model)
2020-10-08 14:52:37.811  INFO 2856 --- [main] o.s.w.s.handler.SimpleUrlHandlerMapping  : Mapped URL path [/webjars/**] onto handler of type [class org.springframework.web.servlet.resource.ResourceHttpRequestHandler]
2020-10-08 14:52:37.812  INFO 2856 --- [main] o.s.w.s.handler.SimpleUrlHandlerMapping  : Mapped URL path [/**] onto handler of type [class org.springframework.web.servlet.resource.ResourceHttpRequestHandler]
2020-10-08 14:52:38.366  INFO 2856 --- [main] com.alibaba.druid.pool.DruidDataSource   : {dataSource-2} inited
2020-10-08 14:52:38.975  INFO 2856 --- [main] o.s.b.a.e.web.EndpointLinksResolver      : Exposing 2 endpoint(s) beneath base path '/actuator'
2020-10-08 14:52:38.994  INFO 2856 --- [main] s.b.a.e.w.s.WebMvcEndpointHandlerMapping : Mapped "{[/actuator/health],methods=[GET],produces=[application/vnd.spring-boot.actuator.v2+json || application/json]}" onto public java.lang.Object org.springframework.boot.actuate.endpoint.web.servlet.AbstractWebMvcEndpointHandlerMapping$OperationHandler.handle(javax.servlet.http.HttpServletRequest,java.util.Map<java.lang.String, java.lang.String>)
2020-10-08 14:52:38.996  INFO 2856 --- [main] s.b.a.e.w.s.WebMvcEndpointHandlerMapping : Mapped "{[/actuator/info],methods=[GET],produces=[application/vnd.spring-boot.actuator.v2+json || application/json]}" onto public java.lang.Object org.springframework.boot.actuate.endpoint.web.servlet.AbstractWebMvcEndpointHandlerMapping$OperationHandler.handle(javax.servlet.http.HttpServletRequest,java.util.Map<java.lang.String, java.lang.String>)
2020-10-08 14:52:38.997  INFO 2856 --- [main] s.b.a.e.w.s.WebMvcEndpointHandlerMapping : Mapped "{[/actuator],methods=[GET],produces=[application/vnd.spring-boot.actuator.v2+json || application/json]}" onto protected java.util.Map<java.lang.String, java.util.Map<java.lang.String, org.springframework.boot.actuate.endpoint.web.Link>> org.springframework.boot.actuate.endpoint.web.servlet.WebMvcEndpointHandlerMapping.links(javax.servlet.http.HttpServletRequest,javax.servlet.http.HttpServletResponse)
2020-10-08 14:52:39.163  INFO 2856 --- [main] o.s.j.e.a.AnnotationMBeanExporter        : Registering beans for JMX exposure on startup
2020-10-08 14:52:39.164  INFO 2856 --- [main] o.s.j.e.a.AnnotationMBeanExporter        : Bean with name 'tccDataSource' has been autodetected for JMX exposure
2020-10-08 14:52:39.165  INFO 2856 --- [main] o.s.j.e.a.AnnotationMBeanExporter        : Bean with name 'dataSource' has been autodetected for JMX exposure
2020-10-08 14:52:39.174  INFO 2856 --- [main] o.s.j.e.a.AnnotationMBeanExporter        : Located MBean 'tccDataSource': registering with JMX server as MBean [com.alibaba.druid.pool:name=tccDataSource,type=DruidDataSource]
2020-10-08 14:52:39.176  INFO 2856 --- [main] o.s.j.e.a.AnnotationMBeanExporter        : Located MBean 'dataSource': registering with JMX server as MBean [com.alibaba.druid.pool:name=dataSource,type=DruidDataSource]
2020-10-08 14:52:39.183  INFO 2856 --- [main] o.s.c.support.DefaultLifecycleProcessor  : Starting beans in phase 2147483647
2020-10-08 14:52:39.229  INFO 2856 --- [main] o.s.b.w.embedded.tomcat.TomcatWebServer  : Tomcat started on port(s): 8090 (http) with context path ''
2020-10-08 14:52:39.234  INFO 2856 --- [main] com.corn.alipay.AlipayApplication        : Started AlipayApplication in 14.667 seconds (JVM running for 19.426)
2020-10-08 14:52:41.265  INFO 2856 --- [RMI TCP Connection(6)-192.168.43.148] o.a.c.c.C.[Tomcat].[localhost].[/]       : Initializing Spring FrameworkServlet 'dispatcherServlet'
2020-10-08 14:52:41.265  INFO 2856 --- [RMI TCP Connection(6)-192.168.43.148] o.s.web.servlet.DispatcherServlet        : FrameworkServlet 'dispatcherServlet': initialization started
2020-10-08 14:52:41.296  INFO 2856 --- [RMI TCP Connection(6)-192.168.43.148] o.s.web.servlet.DispatcherServlet        : FrameworkServlet 'dispatcherServlet': initialization completed in 30 ms
2020-10-08 14:53:08.976  INFO 2856 --- [http-nio-8090-exec-1] c.c.a.s.impl.CombinePayServiceImpl       : 订单id:415sdf58ew12ds5fe1,红包支付金额：10,账户支付金额：50,支付状态：PAYING
2020-10-08 14:53:09.544  INFO 2856 --- [pool-1-thread-1] c.c.a.s.impl.CombinePayServiceImpl       : 订单id:415sdf58ew12ds5fe1,红包支付金额：10,账户支付金额：50,支付状态：CONFIRMED
