2020-08-27 22:43:14.449  INFO 18956 --- [main] c.s.guns.rest.GunsRestApplication        : Starting GunsRestApplication on LAPTOP-7MSKLUV8 with PID 18956 (D:\work\gitCode\dubbo-with-guns\guns-restful\target\classes started by suyiming in D:\work\gitCode\dubbo-with-guns)
2020-08-27 22:43:14.452 DEBUG 18956 --- [main] c.s.guns.rest.GunsRestApplication        : Running with Spring Boot v2.0.1.RELEASE, Spring v5.0.5.RELEASE
2020-08-27 22:43:14.454  INFO 18956 --- [main] c.s.guns.rest.GunsRestApplication        : No active profile set, falling back to default profiles: default
2020-08-27 22:43:14.498  INFO 18956 --- [main] ConfigServletWebServerApplicationContext : Refreshing org.springframework.boot.web.servlet.context.AnnotationConfigServletWebServerApplicationContext@71812481: startup date [Thu Aug 27 22:43:14 CST 2020]; root of context hierarchy
2020-08-27 22:43:15.226  INFO 18956 --- [main] o.s.b.f.s.DefaultListableBeanFactory     : Overriding bean definition for bean 'error' with a different definition: replacing [Root bean: class [null]; scope=; abstract=false; lazyInit=false; autowireMode=3; dependencyCheck=0; autowireCandidate=true; primary=false; factoryBeanName=org.springframework.boot.autoconfigure.web.servlet.error.ErrorMvcAutoConfiguration$WhitelabelErrorViewConfiguration; factoryMethodName=defaultErrorView; initMethodName=null; destroyMethodName=(inferred); defined in class path resource [org/springframework/boot/autoconfigure/web/servlet/error/ErrorMvcAutoConfiguration$WhitelabelErrorViewConfiguration.class]] with [Root bean: class [null]; scope=; abstract=false; lazyInit=false; autowireMode=3; dependencyCheck=0; autowireCandidate=true; primary=false; factoryBeanName=com.stylefeng.guns.core.config.DefaultWebConfig; factoryMethodName=error; initMethodName=null; destroyMethodName=(inferred); defined in class path resource [com/stylefeng/guns/core/config/DefaultWebConfig.class]]
2020-08-27 22:43:15.228  INFO 18956 --- [main] o.s.b.f.s.DefaultListableBeanFactory     : Overriding bean definition for bean 'dataSource' with a different definition: replacing [Root bean: class [null]; scope=; abstract=false; lazyInit=false; autowireMode=3; dependencyCheck=0; autowireCandidate=true; primary=false; factoryBeanName=org.springframework.boot.autoconfigure.jdbc.DataSourceConfiguration$Hikari; factoryMethodName=dataSource; initMethodName=null; destroyMethodName=(inferred); defined in class path resource [org/springframework/boot/autoconfigure/jdbc/DataSourceConfiguration$Hikari.class]] with [Root bean: class [null]; scope=; abstract=false; lazyInit=false; autowireMode=3; dependencyCheck=0; autowireCandidate=true; primary=false; factoryBeanName=com.stylefeng.guns.core.config.SingleDataSourceConfig; factoryMethodName=dataSource; initMethodName=null; destroyMethodName=(inferred); defined in class path resource [com/stylefeng/guns/core/config/SingleDataSourceConfig.class]]
2020-08-27 22:43:15.228  INFO 18956 --- [main] o.s.b.f.s.DefaultListableBeanFactory     : Overriding bean definition for bean 'paginationInterceptor' with a different definition: replacing [Root bean: class [null]; scope=; abstract=false; lazyInit=false; autowireMode=3; dependencyCheck=0; autowireCandidate=true; primary=false; factoryBeanName=mybatisPlusConfig; factoryMethodName=paginationInterceptor; initMethodName=null; destroyMethodName=(inferred); defined in class path resource [com/stylefeng/guns/rest/config/MybatisPlusConfig.class]] with [Root bean: class [null]; scope=; abstract=false; lazyInit=false; autowireMode=3; dependencyCheck=0; autowireCandidate=true; primary=false; factoryBeanName=com.stylefeng.guns.core.config.SingleDataSourceConfig; factoryMethodName=paginationInterceptor; initMethodName=null; destroyMethodName=(inferred); defined in class path resource [com/stylefeng/guns/core/config/SingleDataSourceConfig.class]]
2020-08-27 22:43:15.234  WARN 18956 --- [main] o.m.s.mapper.ClassPathMapperScanner      : No MyBatis mapper was found in '[com.stylefeng.guns.modular.*.dao]' package. Please check your configuration.
2020-08-27 22:43:16.137  INFO 18956 --- [main] o.s.b.w.embedded.tomcat.TomcatWebServer  : Tomcat initialized with port(s): 80 (http)
2020-08-27 22:43:16.170  INFO 18956 --- [main] o.apache.catalina.core.StandardService   : Starting service [Tomcat]
2020-08-27 22:43:16.171  INFO 18956 --- [main] org.apache.catalina.core.StandardEngine  : Starting Servlet Engine: Apache Tomcat/8.5.29
2020-08-27 22:43:16.178  INFO 18956 --- [localhost-startStop-1] o.a.catalina.core.AprLifecycleListener   : The APR based Apache Tomcat Native library which allows optimal performance in production environments was not found on the java.library.path: [D:\Program Files\Java\jdk1.8.0_111\bin;C:\Windows\Sun\Java\bin;C:\Windows\system32;C:\Windows;C:\ProgramData\Oracle\Java\javapath;C:\Windows\system32;C:\Windows;C:\Windows\System32\Wbem;C:\Windows\System32\WindowsPowerShell\v1.0\;C:\Windows\System32\OpenSSH\;C:\Program Files (x86)\NVIDIA Corporation\PhysX\Common;C:\Program Files\NVIDIA Corporation\NVIDIA NvDLISR;D:\Program Files\Git\cmd;D:\Program Files\TortoiseGit\bin;D:\Program Files\EmEditor;D:\Program Files\apache-maven-3.3.9\bin;D:\Program Files\Java\jdk1.8.0_111\bin;D:\Program Files\Java\jdk1.8.0_111\jre\bin;D:\Program Files\nodejs\;C:\Users\suyiming\AppData\Local\Microsoft\WindowsApps;D:\Program Files\apache-maven-3.3.9\bin;C:\Users\suyiming\AppData\Roaming\npm;.]
2020-08-27 22:43:16.347  INFO 18956 --- [localhost-startStop-1] o.a.c.c.C.[Tomcat].[localhost].[/]       : Initializing Spring embedded WebApplicationContext
2020-08-27 22:43:16.347  INFO 18956 --- [localhost-startStop-1] o.s.web.context.ContextLoader            : Root WebApplicationContext: initialization completed in 1849 ms
2020-08-27 22:43:16.640  INFO 18956 --- [localhost-startStop-1] o.s.b.w.servlet.ServletRegistrationBean  : Servlet dispatcherServlet mapped to [/]
2020-08-27 22:43:16.645  INFO 18956 --- [localhost-startStop-1] o.s.b.w.servlet.FilterRegistrationBean   : Mapping filter: 'characterEncodingFilter' to: [/*]
2020-08-27 22:43:16.646  INFO 18956 --- [localhost-startStop-1] o.s.b.w.servlet.FilterRegistrationBean   : Mapping filter: 'hiddenHttpMethodFilter' to: [/*]
2020-08-27 22:43:16.646  INFO 18956 --- [localhost-startStop-1] o.s.b.w.servlet.FilterRegistrationBean   : Mapping filter: 'httpPutFormContentFilter' to: [/*]
2020-08-27 22:43:16.646  INFO 18956 --- [localhost-startStop-1] o.s.b.w.servlet.FilterRegistrationBean   : Mapping filter: 'requestContextFilter' to: [/*]
2020-08-27 22:43:16.646  INFO 18956 --- [localhost-startStop-1] o.s.b.w.servlet.FilterRegistrationBean   : Mapping filter: 'jwtAuthenticationTokenFilter' to: [/*]
2020-08-27 22:43:16.671 DEBUG 18956 --- [localhost-startStop-1] c.s.g.r.modular.auth.filter.AuthFilter   : Initializing filter 'jwtAuthenticationTokenFilter'
2020-08-27 22:43:16.672 DEBUG 18956 --- [localhost-startStop-1] c.s.g.r.modular.auth.filter.AuthFilter   : Filter 'jwtAuthenticationTokenFilter' configured successfully
2020-08-27 22:43:17.352  INFO 18956 --- [main] com.alibaba.druid.pool.DruidDataSource   : {dataSource-1} inited
2020-08-27 22:43:18.020  INFO 18956 --- [main] s.w.s.m.m.a.RequestMappingHandlerAdapter : Looking for @ControllerAdvice: org.springframework.boot.web.servlet.context.AnnotationConfigServletWebServerApplicationContext@71812481: startup date [Thu Aug 27 22:43:14 CST 2020]; root of context hierarchy
2020-08-27 22:43:18.112  INFO 18956 --- [main] o.s.w.s.handler.SimpleUrlHandlerMapping  : Mapped URL path [/**/favicon.ico] onto handler of type [class org.springframework.web.servlet.resource.ResourceHttpRequestHandler]
2020-08-27 22:43:18.154  INFO 18956 --- [main] s.w.s.m.m.a.RequestMappingHandlerMapping : Mapped "{[/auth]}" onto public org.springframework.http.ResponseEntity<?> com.stylefeng.guns.rest.modular.auth.controller.AuthController.createAuthenticationToken(com.stylefeng.guns.rest.modular.auth.controller.dto.AuthRequest)
2020-08-27 22:43:18.156  INFO 18956 --- [main] s.w.s.m.m.a.RequestMappingHandlerMapping : Mapped "{[/hello]}" onto public org.springframework.http.ResponseEntity com.stylefeng.guns.rest.modular.example.ExampleController.hello(com.stylefeng.guns.rest.common.SimpleObject)
2020-08-27 22:43:18.157  INFO 18956 --- [main] s.w.s.m.m.a.RequestMappingHandlerMapping : Mapped "{[/global/error]}" onto public java.lang.String com.stylefeng.guns.core.base.controller.GlobalController.errorPage()
2020-08-27 22:43:18.157  INFO 18956 --- [main] s.w.s.m.m.a.RequestMappingHandlerMapping : Mapped "{[/global/sessionError]}" onto public java.lang.String com.stylefeng.guns.core.base.controller.GlobalController.errorPageInfo(org.springframework.ui.Model)
2020-08-27 22:43:18.159  INFO 18956 --- [main] s.w.s.m.m.a.RequestMappingHandlerMapping : Mapped "{[/error]}" onto public org.springframework.http.ResponseEntity<java.util.Map<java.lang.String, java.lang.Object>> org.springframework.boot.autoconfigure.web.servlet.error.BasicErrorController.error(javax.servlet.http.HttpServletRequest)
2020-08-27 22:43:18.160  INFO 18956 --- [main] s.w.s.m.m.a.RequestMappingHandlerMapping : Mapped "{[/error],produces=[text/html]}" onto public org.springframework.web.servlet.ModelAndView org.springframework.boot.autoconfigure.web.servlet.error.BasicErrorController.errorHtml(javax.servlet.http.HttpServletRequest,javax.servlet.http.HttpServletResponse)
2020-08-27 22:43:18.194  INFO 18956 --- [main] o.s.w.s.handler.SimpleUrlHandlerMapping  : Mapped URL path [/webjars/**] onto handler of type [class org.springframework.web.servlet.resource.ResourceHttpRequestHandler]
2020-08-27 22:43:18.195  INFO 18956 --- [main] o.s.w.s.handler.SimpleUrlHandlerMapping  : Mapped URL path [/**] onto handler of type [class org.springframework.web.servlet.resource.ResourceHttpRequestHandler]
2020-08-27 22:43:18.214  INFO 18956 --- [main] .m.m.a.ExceptionHandlerExceptionResolver : Detected @ExceptionHandler methods in globalExceptionHandler
2020-08-27 22:43:18.545  INFO 18956 --- [main] o.s.j.e.a.AnnotationMBeanExporter        : Registering beans for JMX exposure on startup
2020-08-27 22:43:18.547  INFO 18956 --- [main] o.s.j.e.a.AnnotationMBeanExporter        : Bean with name 'dataSource' has been autodetected for JMX exposure
2020-08-27 22:43:18.554  INFO 18956 --- [main] o.s.j.e.a.AnnotationMBeanExporter        : Located MBean 'dataSource': registering with JMX server as MBean [com.alibaba.druid.pool:name=dataSource,type=DruidDataSource]
2020-08-27 22:43:18.604  INFO 18956 --- [main] o.s.b.w.embedded.tomcat.TomcatWebServer  : Tomcat started on port(s): 80 (http) with context path ''
2020-08-27 22:43:18.609  INFO 18956 --- [main] c.s.guns.rest.GunsRestApplication        : Started GunsRestApplication in 4.664 seconds (JVM running for 7.741)
2020-08-27 22:43:41.128  INFO 18956 --- [http-nio-80-exec-1] o.a.c.c.C.[Tomcat].[localhost].[/]       : Initializing Spring FrameworkServlet 'dispatcherServlet'
2020-08-27 22:43:41.129  INFO 18956 --- [http-nio-80-exec-1] o.s.web.servlet.DispatcherServlet        : FrameworkServlet 'dispatcherServlet': initialization started
2020-08-27 22:43:41.162  INFO 18956 --- [http-nio-80-exec-1] o.s.web.servlet.DispatcherServlet        : FrameworkServlet 'dispatcherServlet': initialization completed in 33 ms
2020-08-27 22:46:15.490  INFO 18956 --- [Thread-11] ConfigServletWebServerApplicationContext : Closing org.springframework.boot.web.servlet.context.AnnotationConfigServletWebServerApplicationContext@71812481: startup date [Thu Aug 27 22:43:14 CST 2020]; root of context hierarchy
2020-08-27 22:46:15.494  INFO 18956 --- [Thread-11] o.s.j.e.a.AnnotationMBeanExporter        : Unregistering JMX-exposed beans on shutdown
2020-08-27 22:46:15.495  INFO 18956 --- [Thread-11] o.s.j.e.a.AnnotationMBeanExporter        : Unregistering JMX-exposed beans
2020-08-27 22:46:15.502  INFO 18956 --- [Thread-11] com.alibaba.druid.pool.DruidDataSource   : {dataSource-1} closed
