2020-09-22 00:01:18.794  INFO 14084 --- [Thread-19] ConfigServletWebServerApplicationContext : Closing org.springframework.boot.web.servlet.context.AnnotationConfigServletWebServerApplicationContext@524f3b3a: startup date [Mon Sep 21 23:54:51 CST 2020]; root of context hierarchy
2020-09-22 00:01:18.796  INFO 14084 --- [ZkClient-EventThread-61-localhost:2181] org.I0Itec.zkclient.ZkEventThread        : Terminate ZkClient event thread.
2020-09-22 00:01:18.810  INFO 14084 --- [Thread-19] o.s.c.support.DefaultLifecycleProcessor  : Stopping beans in phase 2147483647
2020-09-22 00:01:18.811  INFO 14084 --- [DubboZkclientConnector-EventThread] org.apache.zookeeper.ClientCnxn          : EventThread shut down for session: 0x174b1514f870008
2020-09-22 00:01:18.811  INFO 14084 --- [DubboShutdownHook] org.apache.zookeeper.ZooKeeper           : Session: 0x174b1514f870008 closed
2020-09-22 00:01:18.812  INFO 14084 --- [Thread-19] org.quartz.core.QuartzScheduler          : Scheduler recoverScheduler_$_NON_CLUSTERED paused.
2020-09-22 00:01:18.819  INFO 14084 --- [Thread-19] o.s.j.e.a.AnnotationMBeanExporter        : Unregistering JMX-exposed beans on shutdown
2020-09-22 00:01:18.821  INFO 14084 --- [Thread-19] o.s.j.e.a.AnnotationMBeanExporter        : Unregistering JMX-exposed beans
2020-09-22 00:01:18.826  INFO 14084 --- [Thread-19] o.s.s.quartz.SchedulerFactoryBean        : Shutting down Quartz Scheduler
2020-09-22 00:01:18.826  INFO 14084 --- [Thread-19] org.quartz.core.QuartzScheduler          : Scheduler recoverScheduler_$_NON_CLUSTERED shutting down.
2020-09-22 00:01:18.827  INFO 14084 --- [Thread-19] org.quartz.core.QuartzScheduler          : Scheduler recoverScheduler_$_NON_CLUSTERED paused.
2020-09-22 00:01:18.829  INFO 14084 --- [Thread-19] org.quartz.core.QuartzScheduler          : Scheduler recoverScheduler_$_NON_CLUSTERED shutdown complete.
2020-09-22 00:01:18.836  INFO 14084 --- [Thread-19] com.alibaba.druid.pool.DruidDataSource   : {dataSource-1} closed
2020-09-22 00:01:18.839  INFO 14084 --- [Thread-19] com.alibaba.druid.pool.DruidDataSource   : {dataSource-2} closed
2020-09-22 00:01:31.204  INFO 20924 --- [main] com.corn.redpacket.RedpacketApplication  : Starting RedpacketApplication on LAPTOP-7MSKLUV8 with PID 20924 (D:\work\gitCode\dubbo-with-guns\redpacket-service\target\classes started by suyiming in D:\work\gitCode\dubbo-with-guns)
2020-09-22 00:01:31.213  INFO 20924 --- [main] com.corn.redpacket.RedpacketApplication  : No active profile set, falling back to default profiles: default
2020-09-22 00:01:31.352  INFO 20924 --- [main] ConfigServletWebServerApplicationContext : Refreshing org.springframework.boot.web.servlet.context.AnnotationConfigServletWebServerApplicationContext@524f3b3a: startup date [Tue Sep 22 00:01:31 CST 2020]; root of context hierarchy
2020-09-22 00:01:32.392  INFO 20924 --- [main] o.s.b.f.xml.XmlBeanDefinitionReader      : Loading XML bean definitions from class path resource [tcc-transaction.xml]
2020-09-22 00:01:32.559  INFO 20924 --- [main] o.s.b.f.xml.XmlBeanDefinitionReader      : Loading XML bean definitions from class path resource [tcc-transaction-dubbo.xml]
2020-09-22 00:01:32.800  INFO 20924 --- [main] o.s.b.f.s.DefaultListableBeanFactory     : Overriding bean definition for bean 'error' with a different definition: replacing [Root bean: class [null]; scope=; abstract=false; lazyInit=false; autowireMode=3; dependencyCheck=0; autowireCandidate=true; primary=false; factoryBeanName=org.springframework.boot.autoconfigure.web.servlet.error.ErrorMvcAutoConfiguration$WhitelabelErrorViewConfiguration; factoryMethodName=defaultErrorView; initMethodName=null; destroyMethodName=(inferred); defined in class path resource [org/springframework/boot/autoconfigure/web/servlet/error/ErrorMvcAutoConfiguration$WhitelabelErrorViewConfiguration.class]] with [Root bean: class [null]; scope=; abstract=false; lazyInit=false; autowireMode=3; dependencyCheck=0; autowireCandidate=true; primary=false; factoryBeanName=com.stylefeng.guns.core.config.DefaultWebConfig; factoryMethodName=error; initMethodName=null; destroyMethodName=(inferred); defined in class path resource [com/stylefeng/guns/core/config/DefaultWebConfig.class]]
2020-09-22 00:01:32.801  INFO 20924 --- [main] o.s.b.f.s.DefaultListableBeanFactory     : Overriding bean definition for bean 'paginationInterceptor' with a different definition: replacing [Root bean: class [null]; scope=; abstract=false; lazyInit=false; autowireMode=3; dependencyCheck=0; autowireCandidate=true; primary=false; factoryBeanName=mybatisPlusConfig; factoryMethodName=paginationInterceptor; initMethodName=null; destroyMethodName=(inferred); defined in class path resource [com/corn/redpacket/config/MybatisPlusConfig.class]] with [Root bean: class [null]; scope=; abstract=false; lazyInit=false; autowireMode=3; dependencyCheck=0; autowireCandidate=true; primary=false; factoryBeanName=com.stylefeng.guns.core.config.SingleDataSourceConfig; factoryMethodName=paginationInterceptor; initMethodName=null; destroyMethodName=(inferred); defined in class path resource [com/stylefeng/guns/core/config/SingleDataSourceConfig.class]]
2020-09-22 00:01:32.803  WARN 20924 --- [main] o.m.s.mapper.ClassPathMapperScanner      : No MyBatis mapper was found in '[com.stylefeng.guns.modular.*.dao]' package. Please check your configuration.
2020-09-22 00:01:33.574  INFO 20924 --- [main] trationDelegate$BeanPostProcessorChecker : Bean 'org.springframework.transaction.annotation.ProxyTransactionManagementConfiguration' of type [org.springframework.transaction.annotation.ProxyTransactionManagementConfiguration$$EnhancerBySpringCGLIB$$6cf65611] is not eligible for getting processed by all BeanPostProcessors (for example: not eligible for auto-proxying)
2020-09-22 00:01:33.754  INFO 20924 --- [main] trationDelegate$BeanPostProcessorChecker : Bean 'org.springframework.boot.context.properties.ConversionServiceDeducer$Factory' of type [org.springframework.boot.context.properties.ConversionServiceDeducer$Factory] is not eligible for getting processed by all BeanPostProcessors (for example: not eligible for auto-proxying)
2020-09-22 00:01:33.780  INFO 20924 --- [main] trationDelegate$BeanPostProcessorChecker : Bean 'spring.dubbo-com.alibaba.dubbo.spring.boot.DubboProperties' of type [com.alibaba.dubbo.spring.boot.DubboProperties] is not eligible for getting processed by all BeanPostProcessors (for example: not eligible for auto-proxying)
2020-09-22 00:01:33.785  INFO 20924 --- [main] trationDelegate$BeanPostProcessorChecker : Bean 'com.alibaba.dubbo.spring.boot.DubboConsumerAutoConfiguration' of type [com.alibaba.dubbo.spring.boot.DubboConsumerAutoConfiguration$$EnhancerBySpringCGLIB$$a710ef33] is not eligible for getting processed by all BeanPostProcessors (for example: not eligible for auto-proxying)
2020-09-22 00:01:34.235  INFO 20924 --- [main] o.s.b.w.embedded.tomcat.TomcatWebServer  : Tomcat initialized with port(s): 8087 (http)
2020-09-22 00:01:34.260  INFO 20924 --- [main] o.apache.catalina.core.StandardService   : Starting service [Tomcat]
2020-09-22 00:01:34.261  INFO 20924 --- [main] org.apache.catalina.core.StandardEngine  : Starting Servlet Engine: Apache Tomcat/8.5.29
2020-09-22 00:01:34.267  INFO 20924 --- [localhost-startStop-1] o.a.catalina.core.AprLifecycleListener   : The APR based Apache Tomcat Native library which allows optimal performance in production environments was not found on the java.library.path: [D:\Program Files\Java\jdk1.8.0_111\bin;C:\Windows\Sun\Java\bin;C:\Windows\system32;C:\Windows;C:\ProgramData\Oracle\Java\javapath;C:\Windows\system32;C:\Windows;C:\Windows\System32\Wbem;C:\Windows\System32\WindowsPowerShell\v1.0\;C:\Windows\System32\OpenSSH\;C:\Program Files (x86)\NVIDIA Corporation\PhysX\Common;C:\Program Files\NVIDIA Corporation\NVIDIA NvDLISR;D:\Program Files\Git\cmd;D:\Program Files\TortoiseGit\bin;D:\Program Files\EmEditor;D:\Program Files\apache-maven-3.3.9\bin;D:\Program Files\Java\jdk1.8.0_111\bin;D:\Program Files\Java\jdk1.8.0_111\jre\bin;D:\Program Files\nodejs\;C:\Users\suyiming\AppData\Local\Microsoft\WindowsApps;D:\Program Files\apache-maven-3.3.9\bin;C:\Users\suyiming\AppData\Roaming\npm;.]
2020-09-22 00:01:34.405  INFO 20924 --- [localhost-startStop-1] o.a.c.c.C.[Tomcat].[localhost].[/]       : Initializing Spring embedded WebApplicationContext
2020-09-22 00:01:34.405  INFO 20924 --- [localhost-startStop-1] o.s.web.context.ContextLoader            : Root WebApplicationContext: initialization completed in 3053 ms
2020-09-22 00:01:35.131  INFO 20924 --- [localhost-startStop-1] com.alibaba.druid.pool.DruidDataSource   : {dataSource-1} inited
2020-09-22 00:01:35.839  INFO 20924 --- [localhost-startStop-1] o.s.b.w.servlet.ServletRegistrationBean  : Servlet dispatcherServlet mapped to [/]
2020-09-22 00:01:35.845  INFO 20924 --- [localhost-startStop-1] o.s.b.w.servlet.FilterRegistrationBean   : Mapping filter: 'characterEncodingFilter' to: [/*]
2020-09-22 00:01:35.845  INFO 20924 --- [localhost-startStop-1] o.s.b.w.servlet.FilterRegistrationBean   : Mapping filter: 'hiddenHttpMethodFilter' to: [/*]
2020-09-22 00:01:35.845  INFO 20924 --- [localhost-startStop-1] o.s.b.w.servlet.FilterRegistrationBean   : Mapping filter: 'httpPutFormContentFilter' to: [/*]
2020-09-22 00:01:35.845  INFO 20924 --- [localhost-startStop-1] o.s.b.w.servlet.FilterRegistrationBean   : Mapping filter: 'requestContextFilter' to: [/*]
2020-09-22 00:01:35.845  INFO 20924 --- [localhost-startStop-1] o.s.b.w.servlet.FilterRegistrationBean   : Mapping filter: 'httpTraceFilter' to: [/*]
2020-09-22 00:01:35.846  INFO 20924 --- [localhost-startStop-1] o.s.b.w.servlet.FilterRegistrationBean   : Mapping filter: 'webMvcMetricsFilter' to: [/*]
2020-09-22 00:01:36.151  INFO 20924 --- [main] com.alibaba.druid.pool.DruidDataSource   : {dataSource-2} inited
2020-09-22 00:01:36.548  INFO 20924 --- [main] org.quartz.impl.StdSchedulerFactory      : Using default implementation for ThreadExecutor
2020-09-22 00:01:36.563  INFO 20924 --- [main] org.quartz.core.SchedulerSignalerImpl    : Initialized Scheduler Signaller of type: class org.quartz.core.SchedulerSignalerImpl
2020-09-22 00:01:36.565  INFO 20924 --- [main] org.quartz.core.QuartzScheduler          : Quartz Scheduler v.2.2.1 created.
2020-09-22 00:01:36.566  INFO 20924 --- [main] org.quartz.simpl.RAMJobStore             : RAMJobStore initialized.
2020-09-22 00:01:36.567  INFO 20924 --- [main] org.quartz.core.QuartzScheduler          : Scheduler meta-data: Quartz Scheduler (v2.2.1) 'recoverScheduler' with instanceId 'NON_CLUSTERED'
  Scheduler class: 'org.quartz.core.QuartzScheduler' - running locally.
  NOT STARTED.
  Currently in standby mode.
  Number of jobs executed: 0
  Using thread pool 'org.quartz.simpl.SimpleThreadPool' - with 10 threads.
  Using job-store 'org.quartz.simpl.RAMJobStore' - which does not support persistence. and is not clustered.

2020-09-22 00:01:36.567  INFO 20924 --- [main] org.quartz.impl.StdSchedulerFactory      : Quartz scheduler 'recoverScheduler' initialized from an externally provided properties instance.
2020-09-22 00:01:36.567  INFO 20924 --- [main] org.quartz.impl.StdSchedulerFactory      : Quartz scheduler version: 2.2.1
2020-09-22 00:01:36.569  INFO 20924 --- [main] org.quartz.core.QuartzScheduler          : JobFactory set to: org.springframework.scheduling.quartz.AdaptableJobFactory@3c7b137a
2020-09-22 00:01:36.593  INFO 20924 --- [main] org.quartz.core.QuartzScheduler          : Scheduler recoverScheduler_$_NON_CLUSTERED started.
2020-09-22 00:01:37.165  INFO 20924 --- [main] s.w.s.m.m.a.RequestMappingHandlerAdapter : Looking for @ControllerAdvice: org.springframework.boot.web.servlet.context.AnnotationConfigServletWebServerApplicationContext@524f3b3a: startup date [Tue Sep 22 00:01:31 CST 2020]; root of context hierarchy
2020-09-22 00:01:37.299  INFO 20924 --- [main] o.s.w.s.handler.SimpleUrlHandlerMapping  : Mapped URL path [/**/favicon.ico] onto handler of type [class org.springframework.web.servlet.resource.ResourceHttpRequestHandler]
2020-09-22 00:01:37.352  INFO 20924 --- [main] s.w.s.m.m.a.RequestMappingHandlerMapping : Mapped "{[/error]}" onto public org.springframework.http.ResponseEntity<java.util.Map<java.lang.String, java.lang.Object>> org.springframework.boot.autoconfigure.web.servlet.error.BasicErrorController.error(javax.servlet.http.HttpServletRequest)
2020-09-22 00:01:37.353  INFO 20924 --- [main] s.w.s.m.m.a.RequestMappingHandlerMapping : Mapped "{[/error],produces=[text/html]}" onto public org.springframework.web.servlet.ModelAndView org.springframework.boot.autoconfigure.web.servlet.error.BasicErrorController.errorHtml(javax.servlet.http.HttpServletRequest,javax.servlet.http.HttpServletResponse)
2020-09-22 00:01:37.355  INFO 20924 --- [main] s.w.s.m.m.a.RequestMappingHandlerMapping : Mapped "{[/global/error]}" onto public java.lang.String com.stylefeng.guns.core.base.controller.GlobalController.errorPage()
2020-09-22 00:01:37.356  INFO 20924 --- [main] s.w.s.m.m.a.RequestMappingHandlerMapping : Mapped "{[/global/sessionError]}" onto public java.lang.String com.stylefeng.guns.core.base.controller.GlobalController.errorPageInfo(org.springframework.ui.Model)
2020-09-22 00:01:37.447  INFO 20924 --- [main] o.s.w.s.handler.SimpleUrlHandlerMapping  : Mapped URL path [/webjars/**] onto handler of type [class org.springframework.web.servlet.resource.ResourceHttpRequestHandler]
2020-09-22 00:01:37.447  INFO 20924 --- [main] o.s.w.s.handler.SimpleUrlHandlerMapping  : Mapped URL path [/**] onto handler of type [class org.springframework.web.servlet.resource.ResourceHttpRequestHandler]
2020-09-22 00:01:37.901  INFO 20924 --- [ZkClient-EventThread-64-localhost:2181] org.I0Itec.zkclient.ZkEventThread        : Starting ZkClient event thread.
2020-09-22 00:01:37.904  INFO 20924 --- [DubboZkclientConnector] org.apache.zookeeper.ZooKeeper           : Client environment:zookeeper.version=3.4.8--1, built on 02/06/2016 03:18 GMT
2020-09-22 00:01:37.904  INFO 20924 --- [DubboZkclientConnector] org.apache.zookeeper.ZooKeeper           : Client environment:host.name=LAPTOP-7MSKLUV8
2020-09-22 00:01:37.905  INFO 20924 --- [DubboZkclientConnector] org.apache.zookeeper.ZooKeeper           : Client environment:java.version=1.8.0_111
2020-09-22 00:01:37.905  INFO 20924 --- [DubboZkclientConnector] org.apache.zookeeper.ZooKeeper           : Client environment:java.vendor=Oracle Corporation
2020-09-22 00:01:37.905  INFO 20924 --- [DubboZkclientConnector] org.apache.zookeeper.ZooKeeper           : Client environment:java.home=D:\Program Files\Java\jdk1.8.0_111\jre
2020-09-22 00:01:37.905  INFO 20924 --- [DubboZkclientConnector] org.apache.zookeeper.ZooKeeper           : Client environment:java.class.path=D:\Program Files\Java\jdk1.8.0_111\jre\lib\charsets.jar;D:\Program Files\Java\jdk1.8.0_111\jre\lib\deploy.jar;D:\Program Files\Java\jdk1.8.0_111\jre\lib\ext\access-bridge-64.jar;D:\Program Files\Java\jdk1.8.0_111\jre\lib\ext\cldrdata.jar;D:\Program Files\Java\jdk1.8.0_111\jre\lib\ext\dnsns.jar;D:\Program Files\Java\jdk1.8.0_111\jre\lib\ext\jaccess.jar;D:\Program Files\Java\jdk1.8.0_111\jre\lib\ext\jfxrt.jar;D:\Program Files\Java\jdk1.8.0_111\jre\lib\ext\localedata.jar;D:\Program Files\Java\jdk1.8.0_111\jre\lib\ext\nashorn.jar;D:\Program Files\Java\jdk1.8.0_111\jre\lib\ext\sunec.jar;D:\Program Files\Java\jdk1.8.0_111\jre\lib\ext\sunjce_provider.jar;D:\Program Files\Java\jdk1.8.0_111\jre\lib\ext\sunmscapi.jar;D:\Program Files\Java\jdk1.8.0_111\jre\lib\ext\sunpkcs11.jar;D:\Program Files\Java\jdk1.8.0_111\jre\lib\ext\zipfs.jar;D:\Program Files\Java\jdk1.8.0_111\jre\lib\javaws.jar;D:\Program Files\Java\jdk1.8.0_111\jre\lib\jce.jar;D:\Program Files\Java\jdk1.8.0_111\jre\lib\jfr.jar;D:\Program Files\Java\jdk1.8.0_111\jre\lib\jfxswt.jar;D:\Program Files\Java\jdk1.8.0_111\jre\lib\jsse.jar;D:\Program Files\Java\jdk1.8.0_111\jre\lib\management-agent.jar;D:\Program Files\Java\jdk1.8.0_111\jre\lib\plugin.jar;D:\Program Files\Java\jdk1.8.0_111\jre\lib\resources.jar;D:\Program Files\Java\jdk1.8.0_111\jre\lib\rt.jar;D:\work\gitCode\dubbo-with-guns\redpacket-service\target\classes;D:\work\gitCode\dubbo-with-guns\guns-core\target\classes;D:\work\repo\com\baomidou\mybatisplus-spring-boot-starter\1.0.5\mybatisplus-spring-boot-starter-1.0.5.jar;D:\work\repo\org\springframework\boot\spring-boot-configuration-processor\2.0.1.RELEASE\spring-boot-configuration-processor-2.0.1.RELEASE.jar;D:\work\repo\com\baomidou\mybatis-plus\2.3\mybatis-plus-2.3.jar;D:\work\repo\com\baomidou\mybatis-plus-core\2.3\mybatis-plus-core-2.3.jar;D:\work\repo\com\github\jsqlparser\jsqlparser\1.1\jsqlparser-1.1.jar;D:\work\repo\org\mybatis\mybatis-spring\1.3.2\mybatis-spring-1.3.2.jar;D:\work\repo\org\mybatis\mybatis\3.4.6\mybatis-3.4.6.jar;D:\work\repo\com\baomidou\mybatis-plus-generate\2.3\mybatis-plus-generate-2.3.jar;D:\work\repo\org\apache\velocity\velocity\1.7\velocity-1.7.jar;D:\work\repo\commons-collections\commons-collections\3.2.1\commons-collections-3.2.1.jar;D:\work\repo\commons-lang\commons-lang\2.4\commons-lang-2.4.jar;D:\work\repo\mysql\mysql-connector-java\8.0.11\mysql-connector-java-8.0.11.jar;D:\work\repo\com\google\protobuf\protobuf-java\2.6.0\protobuf-java-2.6.0.jar;D:\work\repo\org\springframework\boot\spring-boot-starter-jdbc\2.0.1.RELEASE\spring-boot-starter-jdbc-2.0.1.RELEASE.jar;D:\work\repo\com\zaxxer\HikariCP\2.7.8\HikariCP-2.7.8.jar;D:\work\repo\org\springframework\spring-jdbc\5.0.5.RELEASE\spring-jdbc-5.0.5.RELEASE.jar;D:\work\repo\org\springframework\spring-tx\5.0.5.RELEASE\spring-tx-5.0.5.RELEASE.jar;D:\work\repo\com\alibaba\druid\1.1.10\druid-1.1.10.jar;D:\work\repo\com\alibaba\fastjson\1.2.47\fastjson-1.2.47.jar;D:\work\repo\org\apache\commons\commons-lang3\3.7\commons-lang3-3.7.jar;D:\work\gitCode\dubbo-with-guns\api-service\target\classes;D:\work\repo\com\baomidou\mybatis-plus-support\2.3\mybatis-plus-support-2.3.jar;D:\work\repo\org\springframework\boot\spring-boot-starter-web\2.0.1.RELEASE\spring-boot-starter-web-2.0.1.RELEASE.jar;D:\work\repo\org\springframework\boot\spring-boot-starter-json\2.0.1.RELEASE\spring-boot-starter-json-2.0.1.RELEASE.jar;D:\work\repo\com\fasterxml\jackson\core\jackson-databind\2.9.5\jackson-databind-2.9.5.jar;D:\work\repo\com\fasterxml\jackson\core\jackson-annotations\2.9.0\jackson-annotations-2.9.0.jar;D:\work\repo\com\fasterxml\jackson\core\jackson-core\2.9.5\jackson-core-2.9.5.jar;D:\work\repo\com\fasterxml\jackson\datatype\jackson-datatype-jdk8\2.9.5\jackson-datatype-jdk8-2.9.5.jar;D:\work\repo\com\fasterxml\jackson\datatype\jackson-datatype-jsr310\2.9.5\jackson-datatype-jsr310-2.9.5.jar;D:\work\repo\com\fasterxml\jackson\module\jackson-module-parameter-names\2.9.5\jackson-module-parameter-names-2.9.5.jar;D:\work\repo\org\springframework\boot\spring-boot-starter-tomcat\2.0.1.RELEASE\spring-boot-starter-tomcat-2.0.1.RELEASE.jar;D:\work\repo\org\apache\tomcat\embed\tomcat-embed-core\8.5.29\tomcat-embed-core-8.5.29.jar;D:\work\repo\org\apache\tomcat\embed\tomcat-embed-el\8.5.29\tomcat-embed-el-8.5.29.jar;D:\work\repo\org\apache\tomcat\embed\tomcat-embed-websocket\8.5.29\tomcat-embed-websocket-8.5.29.jar;D:\work\repo\org\hibernate\validator\hibernate-validator\6.0.9.Final\hibernate-validator-6.0.9.Final.jar;D:\work\repo\javax\validation\validation-api\2.0.1.Final\validation-api-2.0.1.Final.jar;D:\work\repo\org\jboss\logging\jboss-logging\3.3.2.Final\jboss-logging-3.3.2.Final.jar;D:\work\repo\com\fasterxml\classmate\1.3.4\classmate-1.3.4.jar;D:\work\repo\org\springframework\spring-web\5.0.5.RELEASE\spring-web-5.0.5.RELEASE.jar;D:\work\repo\org\springframework\spring-webmvc\5.0.5.RELEASE\spring-webmvc-5.0.5.RELEASE.jar;D:\work\repo\org\springframework\spring-expression\5.0.5.RELEASE\spring-expression-5.0.5.RELEASE.jar;D:\work\repo\org\springframework\spring-core\5.0.5.RELEASE\spring-core-5.0.5.RELEASE.jar;D:\work\repo\org\springframework\spring-jcl\5.0.5.RELEASE\spring-jcl-5.0.5.RELEASE.jar;D:\work\repo\org\springframework\boot\spring-boot-starter-aop\2.0.1.RELEASE\spring-boot-starter-aop-2.0.1.RELEASE.jar;D:\work\repo\org\springframework\spring-aop\5.0.5.RELEASE\spring-aop-5.0.5.RELEASE.jar;D:\work\repo\org\aspectj\aspectjweaver\1.8.13\aspectjweaver-1.8.13.jar;D:\work\repo\org\springframework\spring-context-support\5.0.5.RELEASE\spring-context-support-5.0.5.RELEASE.jar;D:\work\repo\org\springframework\spring-beans\5.0.5.RELEASE\spring-beans-5.0.5.RELEASE.jar;D:\work\repo\org\springframework\spring-context\5.0.5.RELEASE\spring-context-5.0.5.RELEASE.jar;D:\work\repo\com\alibaba\spring\boot\dubbo-spring-boot-starter\2.0.0\dubbo-spring-boot-starter-2.0.0.jar;D:\work\repo\com\alibaba\dubbo\2.6.0\dubbo-2.6.0.jar;D:\work\repo\org\javassist\javassist\3.20.0-GA\javassist-3.20.0-GA.jar;D:\work\repo\org\jboss\netty\netty\3.2.5.Final\netty-3.2.5.Final.jar;D:\work\repo\org\springframework\boot\spring-boot-starter-actuator\2.0.1.RELEASE\spring-boot-starter-actuator-2.0.1.RELEASE.jar;D:\work\repo\org\springframework\boot\spring-boot-actuator-autoconfigure\2.0.1.RELEASE\spring-boot-actuator-autoconfigure-2.0.1.RELEASE.jar;D:\work\repo\org\springframework\boot\spring-boot-actuator\2.0.1.RELEASE\spring-boot-actuator-2.0.1.RELEASE.jar;D:\work\repo\io\micrometer\micrometer-core\1.0.3\micrometer-core-1.0.3.jar;D:\work\repo\org\hdrhistogram\HdrHistogram\2.1.10\HdrHistogram-2.1.10.jar;D:\work\repo\org\latencyutils\LatencyUtils\2.0.3\LatencyUtils-2.0.3.jar;D:\work\repo\com\101tec\zkclient\0.10\zkclient-0.10.jar;D:\work\repo\org\slf4j\slf4j-api\1.7.25\slf4j-api-1.7.25.jar;D:\work\repo\org\apache\zookeeper\zookeeper\3.4.8\zookeeper-3.4.8.jar;D:\work\repo\jline\jline\0.9.94\jline-0.9.94.jar;D:\work\repo\io\netty\netty\3.7.0.Final\netty-3.7.0.Final.jar;D:\work\repo\commons-net\commons-net\3.6\commons-net-3.6.jar;D:\work\repo\org\projectlombok\lombok\1.18.0\lombok-1.18.0.jar;D:\work\repo\log4j\log4j\1.2.17\log4j-1.2.17.jar;D:\work\repo\org\mengyun\tcc-transaction-dubbo\1.2.4.23\tcc-transaction-dubbo-1.2.4.23.jar;D:\work\repo\org\mengyun\tcc-transaction-spring\1.2.4.23\tcc-transaction-spring-1.2.4.23.jar;D:\work\repo\org\quartz-scheduler\quartz\2.2.1\quartz-2.2.1.jar;D:\work\repo\c3p0\c3p0\0.9.1.1\c3p0-0.9.1.1.jar;D:\work\repo\org\mengyun\tcc-transaction-core\1.2.4.23\tcc-transaction-core-1.2.4.23.jar;D:\work\repo\org\mengyun\tcc-transaction-api\1.2.4.23\tcc-transaction-api-1.2.4.23.jar;D:\work\repo\com\google\guava\guava\23.0\guava-23.0.jar;D:\work\repo\com\google\code\findbugs\jsr305\1.3.9\jsr305-1.3.9.jar;D:\work\repo\com\google\errorprone\error_prone_annotations\2.0.18\error_prone_annotations-2.0.18.jar;D:\work\repo\com\google\j2objc\j2objc-annotations\1.1\j2objc-annotations-1.1.jar;D:\work\repo\org\codehaus\mojo\animal-sniffer-annotations\1.14\animal-sniffer-annotations-1.14.jar;D:\work\repo\com\esotericsoftware\kryo-shaded\4.0.2\kryo-shaded-4.0.2.jar;D:\work\repo\com\esotericsoftware\minlog\1.3.0\minlog-1.3.0.jar;D:\work\repo\org\objenesis\objenesis\2.5.1\objenesis-2.5.1.jar;D:\work\repo\org\springframework\boot\spring-boot-starter\2.0.1.RELEASE\spring-boot-starter-2.0.1.RELEASE.jar;D:\work\repo\org\springframework\boot\spring-boot\2.0.1.RELEASE\spring-boot-2.0.1.RELEASE.jar;D:\work\repo\org\springframework\boot\spring-boot-autoconfigure\2.0.1.RELEASE\spring-boot-autoconfigure-2.0.1.RELEASE.jar;D:\work\repo\org\springframework\boot\spring-boot-starter-logging\2.0.1.RELEASE\spring-boot-starter-logging-2.0.1.RELEASE.jar;D:\work\repo\ch\qos\logback\logback-classic\1.2.3\logback-classic-1.2.3.jar;D:\work\repo\ch\qos\logback\logback-core\1.2.3\logback-core-1.2.3.jar;D:\work\repo\org\apache\logging\log4j\log4j-to-slf4j\2.10.0\log4j-to-slf4j-2.10.0.jar;D:\work\repo\org\apache\logging\log4j\log4j-api\2.10.0\log4j-api-2.10.0.jar;D:\work\repo\org\slf4j\jul-to-slf4j\1.7.25\jul-to-slf4j-1.7.25.jar;D:\work\repo\javax\annotation\javax.annotation-api\1.3.2\javax.annotation-api-1.3.2.jar;D:\work\repo\org\yaml\snakeyaml\1.19\snakeyaml-1.19.jar;D:\Program Files\JetBrains\IntelliJ IDEA 2019.3.2\lib\idea_rt.jar;C:\Users\suyiming\.IntelliJIdea2019.3\system\captureAgent\debugger-agent.jar
2020-09-22 00:01:37.905  INFO 20924 --- [DubboZkclientConnector] org.apache.zookeeper.ZooKeeper           : Client environment:java.library.path=D:\Program Files\Java\jdk1.8.0_111\bin;C:\Windows\Sun\Java\bin;C:\Windows\system32;C:\Windows;C:\ProgramData\Oracle\Java\javapath;C:\Windows\system32;C:\Windows;C:\Windows\System32\Wbem;C:\Windows\System32\WindowsPowerShell\v1.0\;C:\Windows\System32\OpenSSH\;C:\Program Files (x86)\NVIDIA Corporation\PhysX\Common;C:\Program Files\NVIDIA Corporation\NVIDIA NvDLISR;D:\Program Files\Git\cmd;D:\Program Files\TortoiseGit\bin;D:\Program Files\EmEditor;D:\Program Files\apache-maven-3.3.9\bin;D:\Program Files\Java\jdk1.8.0_111\bin;D:\Program Files\Java\jdk1.8.0_111\jre\bin;D:\Program Files\nodejs\;C:\Users\suyiming\AppData\Local\Microsoft\WindowsApps;D:\Program Files\apache-maven-3.3.9\bin;C:\Users\suyiming\AppData\Roaming\npm;.
2020-09-22 00:01:37.905  INFO 20924 --- [DubboZkclientConnector] org.apache.zookeeper.ZooKeeper           : Client environment:java.io.tmpdir=C:\Users\suyiming\AppData\Local\Temp\
2020-09-22 00:01:37.905  INFO 20924 --- [DubboZkclientConnector] org.apache.zookeeper.ZooKeeper           : Client environment:java.compiler=<NA>
2020-09-22 00:01:37.905  INFO 20924 --- [DubboZkclientConnector] org.apache.zookeeper.ZooKeeper           : Client environment:os.name=Windows 10
2020-09-22 00:01:37.905  INFO 20924 --- [DubboZkclientConnector] org.apache.zookeeper.ZooKeeper           : Client environment:os.arch=amd64
2020-09-22 00:01:37.906  INFO 20924 --- [DubboZkclientConnector] org.apache.zookeeper.ZooKeeper           : Client environment:os.version=10.0
2020-09-22 00:01:37.906  INFO 20924 --- [DubboZkclientConnector] org.apache.zookeeper.ZooKeeper           : Client environment:user.name=suyiming
2020-09-22 00:01:37.906  INFO 20924 --- [DubboZkclientConnector] org.apache.zookeeper.ZooKeeper           : Client environment:user.home=C:\Users\suyiming
2020-09-22 00:01:37.906  INFO 20924 --- [DubboZkclientConnector] org.apache.zookeeper.ZooKeeper           : Client environment:user.dir=D:\work\gitCode\dubbo-with-guns
2020-09-22 00:01:37.907  INFO 20924 --- [DubboZkclientConnector] org.apache.zookeeper.ZooKeeper           : Initiating client connection, connectString=localhost:2181 sessionTimeout=30000 watcher=org.I0Itec.zkclient.ZkClient@6dda1915
2020-09-22 00:01:37.915  INFO 20924 --- [DubboZkclientConnector] org.I0Itec.zkclient.ZkClient             : Waiting for keeper state SyncConnected
2020-09-22 00:01:37.920  INFO 20924 --- [DubboZkclientConnector-SendThread(127.0.0.1:2181)] org.apache.zookeeper.ClientCnxn          : Opening socket connection to server 127.0.0.1/127.0.0.1:2181. Will not attempt to authenticate using SASL (unknown error)
2020-09-22 00:01:37.921  INFO 20924 --- [DubboZkclientConnector-SendThread(127.0.0.1:2181)] org.apache.zookeeper.ClientCnxn          : Socket connection established to 127.0.0.1/127.0.0.1:2181, initiating session
2020-09-22 00:01:37.929  INFO 20924 --- [DubboZkclientConnector-SendThread(127.0.0.1:2181)] org.apache.zookeeper.ClientCnxn          : Session establishment complete on server 127.0.0.1/127.0.0.1:2181, sessionid = 0x174b1514f87000a, negotiated timeout = 30000
2020-09-22 00:01:37.931  INFO 20924 --- [DubboZkclientConnector-EventThread] org.I0Itec.zkclient.ZkClient             : zookeeper state changed (SyncConnected)
2020-09-22 00:01:38.461  INFO 20924 --- [main] o.s.b.a.e.web.EndpointLinksResolver      : Exposing 2 endpoint(s) beneath base path '/actuator'
2020-09-22 00:01:38.477  INFO 20924 --- [main] s.b.a.e.w.s.WebMvcEndpointHandlerMapping : Mapped "{[/actuator/health],methods=[GET],produces=[application/vnd.spring-boot.actuator.v2+json || application/json]}" onto public java.lang.Object org.springframework.boot.actuate.endpoint.web.servlet.AbstractWebMvcEndpointHandlerMapping$OperationHandler.handle(javax.servlet.http.HttpServletRequest,java.util.Map<java.lang.String, java.lang.String>)
2020-09-22 00:01:38.479  INFO 20924 --- [main] s.b.a.e.w.s.WebMvcEndpointHandlerMapping : Mapped "{[/actuator/info],methods=[GET],produces=[application/vnd.spring-boot.actuator.v2+json || application/json]}" onto public java.lang.Object org.springframework.boot.actuate.endpoint.web.servlet.AbstractWebMvcEndpointHandlerMapping$OperationHandler.handle(javax.servlet.http.HttpServletRequest,java.util.Map<java.lang.String, java.lang.String>)
2020-09-22 00:01:38.479  INFO 20924 --- [main] s.b.a.e.w.s.WebMvcEndpointHandlerMapping : Mapped "{[/actuator],methods=[GET],produces=[application/vnd.spring-boot.actuator.v2+json || application/json]}" onto protected java.util.Map<java.lang.String, java.util.Map<java.lang.String, org.springframework.boot.actuate.endpoint.web.Link>> org.springframework.boot.actuate.endpoint.web.servlet.WebMvcEndpointHandlerMapping.links(javax.servlet.http.HttpServletRequest,javax.servlet.http.HttpServletResponse)
2020-09-22 00:01:38.613  INFO 20924 --- [main] o.s.j.e.a.AnnotationMBeanExporter        : Registering beans for JMX exposure on startup
2020-09-22 00:01:38.614  INFO 20924 --- [main] o.s.j.e.a.AnnotationMBeanExporter        : Bean with name 'tccDataSource' has been autodetected for JMX exposure
2020-09-22 00:01:38.615  INFO 20924 --- [main] o.s.j.e.a.AnnotationMBeanExporter        : Bean with name 'dataSource' has been autodetected for JMX exposure
2020-09-22 00:01:38.623  INFO 20924 --- [main] o.s.j.e.a.AnnotationMBeanExporter        : Located MBean 'tccDataSource': registering with JMX server as MBean [com.alibaba.druid.pool:name=tccDataSource,type=DruidDataSource]
2020-09-22 00:01:38.624  INFO 20924 --- [main] o.s.j.e.a.AnnotationMBeanExporter        : Located MBean 'dataSource': registering with JMX server as MBean [com.alibaba.druid.pool:name=dataSource,type=DruidDataSource]
2020-09-22 00:01:38.630  INFO 20924 --- [main] o.s.c.support.DefaultLifecycleProcessor  : Starting beans in phase 2147483647
2020-09-22 00:01:38.666  INFO 20924 --- [main] o.s.b.w.embedded.tomcat.TomcatWebServer  : Tomcat started on port(s): 8087 (http) with context path ''
2020-09-22 00:01:38.671  INFO 20924 --- [main] com.corn.redpacket.RedpacketApplication  : Started RedpacketApplication in 8.537 seconds (JVM running for 10.545)
2020-09-22 00:01:39.015  INFO 20924 --- [RMI TCP Connection(1)-192.168.43.148] o.a.c.c.C.[Tomcat].[localhost].[/]       : Initializing Spring FrameworkServlet 'dispatcherServlet'
2020-09-22 00:01:39.016  INFO 20924 --- [RMI TCP Connection(1)-192.168.43.148] o.s.web.servlet.DispatcherServlet        : FrameworkServlet 'dispatcherServlet': initialization started
2020-09-22 00:01:39.040  INFO 20924 --- [RMI TCP Connection(1)-192.168.43.148] o.s.web.servlet.DispatcherServlet        : FrameworkServlet 'dispatcherServlet': initialization completed in 24 ms
2020-09-22 00:13:36.564  INFO 20924 --- [Thread-22] ConfigServletWebServerApplicationContext : Closing org.springframework.boot.web.servlet.context.AnnotationConfigServletWebServerApplicationContext@524f3b3a: startup date [Tue Sep 22 00:01:31 CST 2020]; root of context hierarchy
2020-09-22 00:13:36.567  INFO 20924 --- [ZkClient-EventThread-64-localhost:2181] org.I0Itec.zkclient.ZkEventThread        : Terminate ZkClient event thread.
2020-09-22 00:13:36.574  INFO 20924 --- [Thread-22] o.s.c.support.DefaultLifecycleProcessor  : Stopping beans in phase 2147483647
2020-09-22 00:13:36.576  INFO 20924 --- [Thread-22] org.quartz.core.QuartzScheduler          : Scheduler recoverScheduler_$_NON_CLUSTERED paused.
2020-09-22 00:13:36.580  INFO 20924 --- [Thread-22] o.s.j.e.a.AnnotationMBeanExporter        : Unregistering JMX-exposed beans on shutdown
2020-09-22 00:13:36.581  INFO 20924 --- [DubboShutdownHook] org.apache.zookeeper.ZooKeeper           : Session: 0x174b1514f87000a closed
2020-09-22 00:13:36.581  INFO 20924 --- [DubboZkclientConnector-EventThread] org.apache.zookeeper.ClientCnxn          : EventThread shut down for session: 0x174b1514f87000a
2020-09-22 00:13:36.582  INFO 20924 --- [Thread-22] o.s.j.e.a.AnnotationMBeanExporter        : Unregistering JMX-exposed beans
2020-09-22 00:13:36.590  INFO 20924 --- [Thread-22] o.s.s.quartz.SchedulerFactoryBean        : Shutting down Quartz Scheduler
2020-09-22 00:13:36.590  INFO 20924 --- [Thread-22] org.quartz.core.QuartzScheduler          : Scheduler recoverScheduler_$_NON_CLUSTERED shutting down.
2020-09-22 00:13:36.591  INFO 20924 --- [Thread-22] org.quartz.core.QuartzScheduler          : Scheduler recoverScheduler_$_NON_CLUSTERED paused.
2020-09-22 00:13:36.593  INFO 20924 --- [Thread-22] org.quartz.core.QuartzScheduler          : Scheduler recoverScheduler_$_NON_CLUSTERED shutdown complete.
2020-09-22 00:13:36.600  INFO 20924 --- [Thread-22] com.alibaba.druid.pool.DruidDataSource   : {dataSource-1} closed
2020-09-22 00:13:36.604  INFO 20924 --- [Thread-22] com.alibaba.druid.pool.DruidDataSource   : {dataSource-2} closed
2020-09-22 00:13:45.655  INFO 11592 --- [main] com.corn.redpacket.RedpacketApplication  : Starting RedpacketApplication on LAPTOP-7MSKLUV8 with PID 11592 (D:\work\gitCode\dubbo-with-guns\redpacket-service\target\classes started by suyiming in D:\work\gitCode\dubbo-with-guns)
2020-09-22 00:13:45.660  INFO 11592 --- [main] com.corn.redpacket.RedpacketApplication  : No active profile set, falling back to default profiles: default
2020-09-22 00:13:45.730  INFO 11592 --- [main] ConfigServletWebServerApplicationContext : Refreshing org.springframework.boot.web.servlet.context.AnnotationConfigServletWebServerApplicationContext@126945f9: startup date [Tue Sep 22 00:13:45 CST 2020]; root of context hierarchy
2020-09-22 00:13:46.336  INFO 11592 --- [main] o.s.b.f.xml.XmlBeanDefinitionReader      : Loading XML bean definitions from class path resource [tcc-transaction.xml]
2020-09-22 00:13:46.448  INFO 11592 --- [main] o.s.b.f.xml.XmlBeanDefinitionReader      : Loading XML bean definitions from class path resource [tcc-transaction-dubbo.xml]
2020-09-22 00:13:46.610  INFO 11592 --- [main] o.s.b.f.s.DefaultListableBeanFactory     : Overriding bean definition for bean 'error' with a different definition: replacing [Root bean: class [null]; scope=; abstract=false; lazyInit=false; autowireMode=3; dependencyCheck=0; autowireCandidate=true; primary=false; factoryBeanName=org.springframework.boot.autoconfigure.web.servlet.error.ErrorMvcAutoConfiguration$WhitelabelErrorViewConfiguration; factoryMethodName=defaultErrorView; initMethodName=null; destroyMethodName=(inferred); defined in class path resource [org/springframework/boot/autoconfigure/web/servlet/error/ErrorMvcAutoConfiguration$WhitelabelErrorViewConfiguration.class]] with [Root bean: class [null]; scope=; abstract=false; lazyInit=false; autowireMode=3; dependencyCheck=0; autowireCandidate=true; primary=false; factoryBeanName=com.stylefeng.guns.core.config.DefaultWebConfig; factoryMethodName=error; initMethodName=null; destroyMethodName=(inferred); defined in class path resource [com/stylefeng/guns/core/config/DefaultWebConfig.class]]
2020-09-22 00:13:46.611  INFO 11592 --- [main] o.s.b.f.s.DefaultListableBeanFactory     : Overriding bean definition for bean 'paginationInterceptor' with a different definition: replacing [Root bean: class [null]; scope=; abstract=false; lazyInit=false; autowireMode=3; dependencyCheck=0; autowireCandidate=true; primary=false; factoryBeanName=mybatisPlusConfig; factoryMethodName=paginationInterceptor; initMethodName=null; destroyMethodName=(inferred); defined in class path resource [com/corn/redpacket/config/MybatisPlusConfig.class]] with [Root bean: class [null]; scope=; abstract=false; lazyInit=false; autowireMode=3; dependencyCheck=0; autowireCandidate=true; primary=false; factoryBeanName=com.stylefeng.guns.core.config.SingleDataSourceConfig; factoryMethodName=paginationInterceptor; initMethodName=null; destroyMethodName=(inferred); defined in class path resource [com/stylefeng/guns/core/config/SingleDataSourceConfig.class]]
2020-09-22 00:13:46.613  WARN 11592 --- [main] o.m.s.mapper.ClassPathMapperScanner      : No MyBatis mapper was found in '[com.stylefeng.guns.modular.*.dao]' package. Please check your configuration.
2020-09-22 00:13:47.191  INFO 11592 --- [main] trationDelegate$BeanPostProcessorChecker : Bean 'org.springframework.transaction.annotation.ProxyTransactionManagementConfiguration' of type [org.springframework.transaction.annotation.ProxyTransactionManagementConfiguration$$EnhancerBySpringCGLIB$$dde25d05] is not eligible for getting processed by all BeanPostProcessors (for example: not eligible for auto-proxying)
2020-09-22 00:13:47.347  INFO 11592 --- [main] trationDelegate$BeanPostProcessorChecker : Bean 'org.springframework.boot.context.properties.ConversionServiceDeducer$Factory' of type [org.springframework.boot.context.properties.ConversionServiceDeducer$Factory] is not eligible for getting processed by all BeanPostProcessors (for example: not eligible for auto-proxying)
2020-09-22 00:13:47.369  INFO 11592 --- [main] trationDelegate$BeanPostProcessorChecker : Bean 'spring.dubbo-com.alibaba.dubbo.spring.boot.DubboProperties' of type [com.alibaba.dubbo.spring.boot.DubboProperties] is not eligible for getting processed by all BeanPostProcessors (for example: not eligible for auto-proxying)
2020-09-22 00:13:47.374  INFO 11592 --- [main] trationDelegate$BeanPostProcessorChecker : Bean 'com.alibaba.dubbo.spring.boot.DubboConsumerAutoConfiguration' of type [com.alibaba.dubbo.spring.boot.DubboConsumerAutoConfiguration$$EnhancerBySpringCGLIB$$17fcf627] is not eligible for getting processed by all BeanPostProcessors (for example: not eligible for auto-proxying)
2020-09-22 00:13:47.816  INFO 11592 --- [main] o.s.b.w.embedded.tomcat.TomcatWebServer  : Tomcat initialized with port(s): 8087 (http)
2020-09-22 00:13:47.847  INFO 11592 --- [main] o.apache.catalina.core.StandardService   : Starting service [Tomcat]
2020-09-22 00:13:47.847  INFO 11592 --- [main] org.apache.catalina.core.StandardEngine  : Starting Servlet Engine: Apache Tomcat/8.5.29
2020-09-22 00:13:47.853  INFO 11592 --- [localhost-startStop-1] o.a.catalina.core.AprLifecycleListener   : The APR based Apache Tomcat Native library which allows optimal performance in production environments was not found on the java.library.path: [D:\Program Files\Java\jdk1.8.0_111\bin;C:\Windows\Sun\Java\bin;C:\Windows\system32;C:\Windows;C:\ProgramData\Oracle\Java\javapath;C:\Windows\system32;C:\Windows;C:\Windows\System32\Wbem;C:\Windows\System32\WindowsPowerShell\v1.0\;C:\Windows\System32\OpenSSH\;C:\Program Files (x86)\NVIDIA Corporation\PhysX\Common;C:\Program Files\NVIDIA Corporation\NVIDIA NvDLISR;D:\Program Files\Git\cmd;D:\Program Files\TortoiseGit\bin;D:\Program Files\EmEditor;D:\Program Files\apache-maven-3.3.9\bin;D:\Program Files\Java\jdk1.8.0_111\bin;D:\Program Files\Java\jdk1.8.0_111\jre\bin;D:\Program Files\nodejs\;C:\Users\suyiming\AppData\Local\Microsoft\WindowsApps;D:\Program Files\apache-maven-3.3.9\bin;C:\Users\suyiming\AppData\Roaming\npm;.]
2020-09-22 00:13:48.026  INFO 11592 --- [localhost-startStop-1] o.a.c.c.C.[Tomcat].[localhost].[/]       : Initializing Spring embedded WebApplicationContext
2020-09-22 00:13:48.027  INFO 11592 --- [localhost-startStop-1] o.s.web.context.ContextLoader            : Root WebApplicationContext: initialization completed in 2297 ms
2020-09-22 00:13:49.090  INFO 11592 --- [localhost-startStop-1] com.alibaba.druid.pool.DruidDataSource   : {dataSource-1} inited
2020-09-22 00:13:50.001  INFO 11592 --- [localhost-startStop-1] o.s.b.w.servlet.ServletRegistrationBean  : Servlet dispatcherServlet mapped to [/]
2020-09-22 00:13:50.007  INFO 11592 --- [localhost-startStop-1] o.s.b.w.servlet.FilterRegistrationBean   : Mapping filter: 'characterEncodingFilter' to: [/*]
2020-09-22 00:13:50.007  INFO 11592 --- [localhost-startStop-1] o.s.b.w.servlet.FilterRegistrationBean   : Mapping filter: 'hiddenHttpMethodFilter' to: [/*]
2020-09-22 00:13:50.007  INFO 11592 --- [localhost-startStop-1] o.s.b.w.servlet.FilterRegistrationBean   : Mapping filter: 'httpPutFormContentFilter' to: [/*]
2020-09-22 00:13:50.008  INFO 11592 --- [localhost-startStop-1] o.s.b.w.servlet.FilterRegistrationBean   : Mapping filter: 'requestContextFilter' to: [/*]
2020-09-22 00:13:50.008  INFO 11592 --- [localhost-startStop-1] o.s.b.w.servlet.FilterRegistrationBean   : Mapping filter: 'httpTraceFilter' to: [/*]
2020-09-22 00:13:50.008  INFO 11592 --- [localhost-startStop-1] o.s.b.w.servlet.FilterRegistrationBean   : Mapping filter: 'webMvcMetricsFilter' to: [/*]
2020-09-22 00:13:50.374  INFO 11592 --- [main] com.alibaba.druid.pool.DruidDataSource   : {dataSource-2} inited
2020-09-22 00:13:50.884  INFO 11592 --- [main] org.quartz.impl.StdSchedulerFactory      : Using default implementation for ThreadExecutor
2020-09-22 00:13:50.900  INFO 11592 --- [main] org.quartz.core.SchedulerSignalerImpl    : Initialized Scheduler Signaller of type: class org.quartz.core.SchedulerSignalerImpl
2020-09-22 00:13:50.902  INFO 11592 --- [main] org.quartz.core.QuartzScheduler          : Quartz Scheduler v.2.2.1 created.
2020-09-22 00:13:50.904  INFO 11592 --- [main] org.quartz.simpl.RAMJobStore             : RAMJobStore initialized.
2020-09-22 00:13:50.905  INFO 11592 --- [main] org.quartz.core.QuartzScheduler          : Scheduler meta-data: Quartz Scheduler (v2.2.1) 'recoverScheduler' with instanceId 'NON_CLUSTERED'
  Scheduler class: 'org.quartz.core.QuartzScheduler' - running locally.
  NOT STARTED.
  Currently in standby mode.
  Number of jobs executed: 0
  Using thread pool 'org.quartz.simpl.SimpleThreadPool' - with 10 threads.
  Using job-store 'org.quartz.simpl.RAMJobStore' - which does not support persistence. and is not clustered.

2020-09-22 00:13:50.905  INFO 11592 --- [main] org.quartz.impl.StdSchedulerFactory      : Quartz scheduler 'recoverScheduler' initialized from an externally provided properties instance.
2020-09-22 00:13:50.905  INFO 11592 --- [main] org.quartz.impl.StdSchedulerFactory      : Quartz scheduler version: 2.2.1
2020-09-22 00:13:50.907  INFO 11592 --- [main] org.quartz.core.QuartzScheduler          : JobFactory set to: org.springframework.scheduling.quartz.AdaptableJobFactory@4981d95b
2020-09-22 00:13:50.935  INFO 11592 --- [main] org.quartz.core.QuartzScheduler          : Scheduler recoverScheduler_$_NON_CLUSTERED started.
2020-09-22 00:13:51.567  INFO 11592 --- [main] s.w.s.m.m.a.RequestMappingHandlerAdapter : Looking for @ControllerAdvice: org.springframework.boot.web.servlet.context.AnnotationConfigServletWebServerApplicationContext@126945f9: startup date [Tue Sep 22 00:13:45 CST 2020]; root of context hierarchy
2020-09-22 00:13:51.723  INFO 11592 --- [main] o.s.w.s.handler.SimpleUrlHandlerMapping  : Mapped URL path [/**/favicon.ico] onto handler of type [class org.springframework.web.servlet.resource.ResourceHttpRequestHandler]
2020-09-22 00:13:51.782  INFO 11592 --- [main] s.w.s.m.m.a.RequestMappingHandlerMapping : Mapped "{[/error]}" onto public org.springframework.http.ResponseEntity<java.util.Map<java.lang.String, java.lang.Object>> org.springframework.boot.autoconfigure.web.servlet.error.BasicErrorController.error(javax.servlet.http.HttpServletRequest)
2020-09-22 00:13:51.783  INFO 11592 --- [main] s.w.s.m.m.a.RequestMappingHandlerMapping : Mapped "{[/error],produces=[text/html]}" onto public org.springframework.web.servlet.ModelAndView org.springframework.boot.autoconfigure.web.servlet.error.BasicErrorController.errorHtml(javax.servlet.http.HttpServletRequest,javax.servlet.http.HttpServletResponse)
2020-09-22 00:13:51.786  INFO 11592 --- [main] s.w.s.m.m.a.RequestMappingHandlerMapping : Mapped "{[/global/error]}" onto public java.lang.String com.stylefeng.guns.core.base.controller.GlobalController.errorPage()
2020-09-22 00:13:51.786  INFO 11592 --- [main] s.w.s.m.m.a.RequestMappingHandlerMapping : Mapped "{[/global/sessionError]}" onto public java.lang.String com.stylefeng.guns.core.base.controller.GlobalController.errorPageInfo(org.springframework.ui.Model)
2020-09-22 00:13:51.875  INFO 11592 --- [main] o.s.w.s.handler.SimpleUrlHandlerMapping  : Mapped URL path [/webjars/**] onto handler of type [class org.springframework.web.servlet.resource.ResourceHttpRequestHandler]
2020-09-22 00:13:51.876  INFO 11592 --- [main] o.s.w.s.handler.SimpleUrlHandlerMapping  : Mapped URL path [/**] onto handler of type [class org.springframework.web.servlet.resource.ResourceHttpRequestHandler]
2020-09-22 00:13:52.425  INFO 11592 --- [ZkClient-EventThread-64-localhost:2181] org.I0Itec.zkclient.ZkEventThread        : Starting ZkClient event thread.
2020-09-22 00:13:52.429  INFO 11592 --- [DubboZkclientConnector] org.apache.zookeeper.ZooKeeper           : Client environment:zookeeper.version=3.4.8--1, built on 02/06/2016 03:18 GMT
2020-09-22 00:13:52.429  INFO 11592 --- [DubboZkclientConnector] org.apache.zookeeper.ZooKeeper           : Client environment:host.name=LAPTOP-7MSKLUV8
2020-09-22 00:13:52.429  INFO 11592 --- [DubboZkclientConnector] org.apache.zookeeper.ZooKeeper           : Client environment:java.version=1.8.0_111
2020-09-22 00:13:52.429  INFO 11592 --- [DubboZkclientConnector] org.apache.zookeeper.ZooKeeper           : Client environment:java.vendor=Oracle Corporation
2020-09-22 00:13:52.429  INFO 11592 --- [DubboZkclientConnector] org.apache.zookeeper.ZooKeeper           : Client environment:java.home=D:\Program Files\Java\jdk1.8.0_111\jre
2020-09-22 00:13:52.429  INFO 11592 --- [DubboZkclientConnector] org.apache.zookeeper.ZooKeeper           : Client environment:java.class.path=D:\Program Files\Java\jdk1.8.0_111\jre\lib\charsets.jar;D:\Program Files\Java\jdk1.8.0_111\jre\lib\deploy.jar;D:\Program Files\Java\jdk1.8.0_111\jre\lib\ext\access-bridge-64.jar;D:\Program Files\Java\jdk1.8.0_111\jre\lib\ext\cldrdata.jar;D:\Program Files\Java\jdk1.8.0_111\jre\lib\ext\dnsns.jar;D:\Program Files\Java\jdk1.8.0_111\jre\lib\ext\jaccess.jar;D:\Program Files\Java\jdk1.8.0_111\jre\lib\ext\jfxrt.jar;D:\Program Files\Java\jdk1.8.0_111\jre\lib\ext\localedata.jar;D:\Program Files\Java\jdk1.8.0_111\jre\lib\ext\nashorn.jar;D:\Program Files\Java\jdk1.8.0_111\jre\lib\ext\sunec.jar;D:\Program Files\Java\jdk1.8.0_111\jre\lib\ext\sunjce_provider.jar;D:\Program Files\Java\jdk1.8.0_111\jre\lib\ext\sunmscapi.jar;D:\Program Files\Java\jdk1.8.0_111\jre\lib\ext\sunpkcs11.jar;D:\Program Files\Java\jdk1.8.0_111\jre\lib\ext\zipfs.jar;D:\Program Files\Java\jdk1.8.0_111\jre\lib\javaws.jar;D:\Program Files\Java\jdk1.8.0_111\jre\lib\jce.jar;D:\Program Files\Java\jdk1.8.0_111\jre\lib\jfr.jar;D:\Program Files\Java\jdk1.8.0_111\jre\lib\jfxswt.jar;D:\Program Files\Java\jdk1.8.0_111\jre\lib\jsse.jar;D:\Program Files\Java\jdk1.8.0_111\jre\lib\management-agent.jar;D:\Program Files\Java\jdk1.8.0_111\jre\lib\plugin.jar;D:\Program Files\Java\jdk1.8.0_111\jre\lib\resources.jar;D:\Program Files\Java\jdk1.8.0_111\jre\lib\rt.jar;D:\work\gitCode\dubbo-with-guns\redpacket-service\target\classes;D:\work\gitCode\dubbo-with-guns\guns-core\target\classes;D:\work\repo\com\baomidou\mybatisplus-spring-boot-starter\1.0.5\mybatisplus-spring-boot-starter-1.0.5.jar;D:\work\repo\org\springframework\boot\spring-boot-configuration-processor\2.0.1.RELEASE\spring-boot-configuration-processor-2.0.1.RELEASE.jar;D:\work\repo\com\baomidou\mybatis-plus\2.3\mybatis-plus-2.3.jar;D:\work\repo\com\baomidou\mybatis-plus-core\2.3\mybatis-plus-core-2.3.jar;D:\work\repo\com\github\jsqlparser\jsqlparser\1.1\jsqlparser-1.1.jar;D:\work\repo\org\mybatis\mybatis-spring\1.3.2\mybatis-spring-1.3.2.jar;D:\work\repo\org\mybatis\mybatis\3.4.6\mybatis-3.4.6.jar;D:\work\repo\com\baomidou\mybatis-plus-generate\2.3\mybatis-plus-generate-2.3.jar;D:\work\repo\org\apache\velocity\velocity\1.7\velocity-1.7.jar;D:\work\repo\commons-collections\commons-collections\3.2.1\commons-collections-3.2.1.jar;D:\work\repo\commons-lang\commons-lang\2.4\commons-lang-2.4.jar;D:\work\repo\mysql\mysql-connector-java\8.0.11\mysql-connector-java-8.0.11.jar;D:\work\repo\com\google\protobuf\protobuf-java\2.6.0\protobuf-java-2.6.0.jar;D:\work\repo\org\springframework\boot\spring-boot-starter-jdbc\2.0.1.RELEASE\spring-boot-starter-jdbc-2.0.1.RELEASE.jar;D:\work\repo\com\zaxxer\HikariCP\2.7.8\HikariCP-2.7.8.jar;D:\work\repo\org\springframework\spring-jdbc\5.0.5.RELEASE\spring-jdbc-5.0.5.RELEASE.jar;D:\work\repo\org\springframework\spring-tx\5.0.5.RELEASE\spring-tx-5.0.5.RELEASE.jar;D:\work\repo\com\alibaba\druid\1.1.10\druid-1.1.10.jar;D:\work\repo\com\alibaba\fastjson\1.2.47\fastjson-1.2.47.jar;D:\work\repo\org\apache\commons\commons-lang3\3.7\commons-lang3-3.7.jar;D:\work\gitCode\dubbo-with-guns\api-service\target\classes;D:\work\repo\com\baomidou\mybatis-plus-support\2.3\mybatis-plus-support-2.3.jar;D:\work\repo\org\springframework\boot\spring-boot-starter-web\2.0.1.RELEASE\spring-boot-starter-web-2.0.1.RELEASE.jar;D:\work\repo\org\springframework\boot\spring-boot-starter-json\2.0.1.RELEASE\spring-boot-starter-json-2.0.1.RELEASE.jar;D:\work\repo\com\fasterxml\jackson\core\jackson-databind\2.9.5\jackson-databind-2.9.5.jar;D:\work\repo\com\fasterxml\jackson\core\jackson-annotations\2.9.0\jackson-annotations-2.9.0.jar;D:\work\repo\com\fasterxml\jackson\core\jackson-core\2.9.5\jackson-core-2.9.5.jar;D:\work\repo\com\fasterxml\jackson\datatype\jackson-datatype-jdk8\2.9.5\jackson-datatype-jdk8-2.9.5.jar;D:\work\repo\com\fasterxml\jackson\datatype\jackson-datatype-jsr310\2.9.5\jackson-datatype-jsr310-2.9.5.jar;D:\work\repo\com\fasterxml\jackson\module\jackson-module-parameter-names\2.9.5\jackson-module-parameter-names-2.9.5.jar;D:\work\repo\org\springframework\boot\spring-boot-starter-tomcat\2.0.1.RELEASE\spring-boot-starter-tomcat-2.0.1.RELEASE.jar;D:\work\repo\org\apache\tomcat\embed\tomcat-embed-core\8.5.29\tomcat-embed-core-8.5.29.jar;D:\work\repo\org\apache\tomcat\embed\tomcat-embed-el\8.5.29\tomcat-embed-el-8.5.29.jar;D:\work\repo\org\apache\tomcat\embed\tomcat-embed-websocket\8.5.29\tomcat-embed-websocket-8.5.29.jar;D:\work\repo\org\hibernate\validator\hibernate-validator\6.0.9.Final\hibernate-validator-6.0.9.Final.jar;D:\work\repo\javax\validation\validation-api\2.0.1.Final\validation-api-2.0.1.Final.jar;D:\work\repo\org\jboss\logging\jboss-logging\3.3.2.Final\jboss-logging-3.3.2.Final.jar;D:\work\repo\com\fasterxml\classmate\1.3.4\classmate-1.3.4.jar;D:\work\repo\org\springframework\spring-web\5.0.5.RELEASE\spring-web-5.0.5.RELEASE.jar;D:\work\repo\org\springframework\spring-webmvc\5.0.5.RELEASE\spring-webmvc-5.0.5.RELEASE.jar;D:\work\repo\org\springframework\spring-expression\5.0.5.RELEASE\spring-expression-5.0.5.RELEASE.jar;D:\work\repo\org\springframework\spring-core\5.0.5.RELEASE\spring-core-5.0.5.RELEASE.jar;D:\work\repo\org\springframework\spring-jcl\5.0.5.RELEASE\spring-jcl-5.0.5.RELEASE.jar;D:\work\repo\org\springframework\boot\spring-boot-starter-aop\2.0.1.RELEASE\spring-boot-starter-aop-2.0.1.RELEASE.jar;D:\work\repo\org\springframework\spring-aop\5.0.5.RELEASE\spring-aop-5.0.5.RELEASE.jar;D:\work\repo\org\aspectj\aspectjweaver\1.8.13\aspectjweaver-1.8.13.jar;D:\work\repo\org\springframework\spring-context-support\5.0.5.RELEASE\spring-context-support-5.0.5.RELEASE.jar;D:\work\repo\org\springframework\spring-beans\5.0.5.RELEASE\spring-beans-5.0.5.RELEASE.jar;D:\work\repo\org\springframework\spring-context\5.0.5.RELEASE\spring-context-5.0.5.RELEASE.jar;D:\work\repo\com\alibaba\spring\boot\dubbo-spring-boot-starter\2.0.0\dubbo-spring-boot-starter-2.0.0.jar;D:\work\repo\com\alibaba\dubbo\2.6.0\dubbo-2.6.0.jar;D:\work\repo\org\javassist\javassist\3.20.0-GA\javassist-3.20.0-GA.jar;D:\work\repo\org\jboss\netty\netty\3.2.5.Final\netty-3.2.5.Final.jar;D:\work\repo\org\springframework\boot\spring-boot-starter-actuator\2.0.1.RELEASE\spring-boot-starter-actuator-2.0.1.RELEASE.jar;D:\work\repo\org\springframework\boot\spring-boot-actuator-autoconfigure\2.0.1.RELEASE\spring-boot-actuator-autoconfigure-2.0.1.RELEASE.jar;D:\work\repo\org\springframework\boot\spring-boot-actuator\2.0.1.RELEASE\spring-boot-actuator-2.0.1.RELEASE.jar;D:\work\repo\io\micrometer\micrometer-core\1.0.3\micrometer-core-1.0.3.jar;D:\work\repo\org\hdrhistogram\HdrHistogram\2.1.10\HdrHistogram-2.1.10.jar;D:\work\repo\org\latencyutils\LatencyUtils\2.0.3\LatencyUtils-2.0.3.jar;D:\work\repo\com\101tec\zkclient\0.10\zkclient-0.10.jar;D:\work\repo\org\slf4j\slf4j-api\1.7.25\slf4j-api-1.7.25.jar;D:\work\repo\org\apache\zookeeper\zookeeper\3.4.8\zookeeper-3.4.8.jar;D:\work\repo\jline\jline\0.9.94\jline-0.9.94.jar;D:\work\repo\io\netty\netty\3.7.0.Final\netty-3.7.0.Final.jar;D:\work\repo\commons-net\commons-net\3.6\commons-net-3.6.jar;D:\work\repo\org\projectlombok\lombok\1.18.0\lombok-1.18.0.jar;D:\work\repo\log4j\log4j\1.2.17\log4j-1.2.17.jar;D:\work\repo\org\mengyun\tcc-transaction-dubbo\1.2.4.23\tcc-transaction-dubbo-1.2.4.23.jar;D:\work\repo\org\mengyun\tcc-transaction-spring\1.2.4.23\tcc-transaction-spring-1.2.4.23.jar;D:\work\repo\org\quartz-scheduler\quartz\2.2.1\quartz-2.2.1.jar;D:\work\repo\c3p0\c3p0\0.9.1.1\c3p0-0.9.1.1.jar;D:\work\repo\org\mengyun\tcc-transaction-core\1.2.4.23\tcc-transaction-core-1.2.4.23.jar;D:\work\repo\org\mengyun\tcc-transaction-api\1.2.4.23\tcc-transaction-api-1.2.4.23.jar;D:\work\repo\com\google\guava\guava\23.0\guava-23.0.jar;D:\work\repo\com\google\code\findbugs\jsr305\1.3.9\jsr305-1.3.9.jar;D:\work\repo\com\google\errorprone\error_prone_annotations\2.0.18\error_prone_annotations-2.0.18.jar;D:\work\repo\com\google\j2objc\j2objc-annotations\1.1\j2objc-annotations-1.1.jar;D:\work\repo\org\codehaus\mojo\animal-sniffer-annotations\1.14\animal-sniffer-annotations-1.14.jar;D:\work\repo\com\esotericsoftware\kryo-shaded\4.0.2\kryo-shaded-4.0.2.jar;D:\work\repo\com\esotericsoftware\minlog\1.3.0\minlog-1.3.0.jar;D:\work\repo\org\objenesis\objenesis\2.5.1\objenesis-2.5.1.jar;D:\work\repo\org\springframework\boot\spring-boot-starter\2.0.1.RELEASE\spring-boot-starter-2.0.1.RELEASE.jar;D:\work\repo\org\springframework\boot\spring-boot\2.0.1.RELEASE\spring-boot-2.0.1.RELEASE.jar;D:\work\repo\org\springframework\boot\spring-boot-autoconfigure\2.0.1.RELEASE\spring-boot-autoconfigure-2.0.1.RELEASE.jar;D:\work\repo\org\springframework\boot\spring-boot-starter-logging\2.0.1.RELEASE\spring-boot-starter-logging-2.0.1.RELEASE.jar;D:\work\repo\ch\qos\logback\logback-classic\1.2.3\logback-classic-1.2.3.jar;D:\work\repo\ch\qos\logback\logback-core\1.2.3\logback-core-1.2.3.jar;D:\work\repo\org\apache\logging\log4j\log4j-to-slf4j\2.10.0\log4j-to-slf4j-2.10.0.jar;D:\work\repo\org\apache\logging\log4j\log4j-api\2.10.0\log4j-api-2.10.0.jar;D:\work\repo\org\slf4j\jul-to-slf4j\1.7.25\jul-to-slf4j-1.7.25.jar;D:\work\repo\javax\annotation\javax.annotation-api\1.3.2\javax.annotation-api-1.3.2.jar;D:\work\repo\org\yaml\snakeyaml\1.19\snakeyaml-1.19.jar;D:\Program Files\JetBrains\IntelliJ IDEA 2019.3.2\lib\idea_rt.jar;C:\Users\suyiming\.IntelliJIdea2019.3\system\captureAgent\debugger-agent.jar
2020-09-22 00:13:52.430  INFO 11592 --- [DubboZkclientConnector] org.apache.zookeeper.ZooKeeper           : Client environment:java.library.path=D:\Program Files\Java\jdk1.8.0_111\bin;C:\Windows\Sun\Java\bin;C:\Windows\system32;C:\Windows;C:\ProgramData\Oracle\Java\javapath;C:\Windows\system32;C:\Windows;C:\Windows\System32\Wbem;C:\Windows\System32\WindowsPowerShell\v1.0\;C:\Windows\System32\OpenSSH\;C:\Program Files (x86)\NVIDIA Corporation\PhysX\Common;C:\Program Files\NVIDIA Corporation\NVIDIA NvDLISR;D:\Program Files\Git\cmd;D:\Program Files\TortoiseGit\bin;D:\Program Files\EmEditor;D:\Program Files\apache-maven-3.3.9\bin;D:\Program Files\Java\jdk1.8.0_111\bin;D:\Program Files\Java\jdk1.8.0_111\jre\bin;D:\Program Files\nodejs\;C:\Users\suyiming\AppData\Local\Microsoft\WindowsApps;D:\Program Files\apache-maven-3.3.9\bin;C:\Users\suyiming\AppData\Roaming\npm;.
2020-09-22 00:13:52.430  INFO 11592 --- [DubboZkclientConnector] org.apache.zookeeper.ZooKeeper           : Client environment:java.io.tmpdir=C:\Users\suyiming\AppData\Local\Temp\
2020-09-22 00:13:52.430  INFO 11592 --- [DubboZkclientConnector] org.apache.zookeeper.ZooKeeper           : Client environment:java.compiler=<NA>
2020-09-22 00:13:52.430  INFO 11592 --- [DubboZkclientConnector] org.apache.zookeeper.ZooKeeper           : Client environment:os.name=Windows 10
2020-09-22 00:13:52.430  INFO 11592 --- [DubboZkclientConnector] org.apache.zookeeper.ZooKeeper           : Client environment:os.arch=amd64
2020-09-22 00:13:52.430  INFO 11592 --- [DubboZkclientConnector] org.apache.zookeeper.ZooKeeper           : Client environment:os.version=10.0
2020-09-22 00:13:52.430  INFO 11592 --- [DubboZkclientConnector] org.apache.zookeeper.ZooKeeper           : Client environment:user.name=suyiming
2020-09-22 00:13:52.430  INFO 11592 --- [DubboZkclientConnector] org.apache.zookeeper.ZooKeeper           : Client environment:user.home=C:\Users\suyiming
2020-09-22 00:13:52.430  INFO 11592 --- [DubboZkclientConnector] org.apache.zookeeper.ZooKeeper           : Client environment:user.dir=D:\work\gitCode\dubbo-with-guns
2020-09-22 00:13:52.432  INFO 11592 --- [DubboZkclientConnector] org.apache.zookeeper.ZooKeeper           : Initiating client connection, connectString=localhost:2181 sessionTimeout=30000 watcher=org.I0Itec.zkclient.ZkClient@246f1517
2020-09-22 00:13:52.442  INFO 11592 --- [DubboZkclientConnector] org.I0Itec.zkclient.ZkClient             : Waiting for keeper state SyncConnected
2020-09-22 00:13:52.448  INFO 11592 --- [DubboZkclientConnector-SendThread(0:0:0:0:0:0:0:1:2181)] org.apache.zookeeper.ClientCnxn          : Opening socket connection to server 0:0:0:0:0:0:0:1/0:0:0:0:0:0:0:1:2181. Will not attempt to authenticate using SASL (unknown error)
2020-09-22 00:13:52.449  INFO 11592 --- [DubboZkclientConnector-SendThread(0:0:0:0:0:0:0:1:2181)] org.apache.zookeeper.ClientCnxn          : Socket connection established to 0:0:0:0:0:0:0:1/0:0:0:0:0:0:0:1:2181, initiating session
2020-09-22 00:13:52.460  INFO 11592 --- [DubboZkclientConnector-SendThread(0:0:0:0:0:0:0:1:2181)] org.apache.zookeeper.ClientCnxn          : Session establishment complete on server 0:0:0:0:0:0:0:1/0:0:0:0:0:0:0:1:2181, sessionid = 0x174b1514f87000d, negotiated timeout = 30000
2020-09-22 00:13:52.463  INFO 11592 --- [DubboZkclientConnector-EventThread] org.I0Itec.zkclient.ZkClient             : zookeeper state changed (SyncConnected)
2020-09-22 00:13:53.041  INFO 11592 --- [main] o.s.b.a.e.web.EndpointLinksResolver      : Exposing 2 endpoint(s) beneath base path '/actuator'
2020-09-22 00:13:53.058  INFO 11592 --- [main] s.b.a.e.w.s.WebMvcEndpointHandlerMapping : Mapped "{[/actuator/health],methods=[GET],produces=[application/vnd.spring-boot.actuator.v2+json || application/json]}" onto public java.lang.Object org.springframework.boot.actuate.endpoint.web.servlet.AbstractWebMvcEndpointHandlerMapping$OperationHandler.handle(javax.servlet.http.HttpServletRequest,java.util.Map<java.lang.String, java.lang.String>)
2020-09-22 00:13:53.060  INFO 11592 --- [main] s.b.a.e.w.s.WebMvcEndpointHandlerMapping : Mapped "{[/actuator/info],methods=[GET],produces=[application/vnd.spring-boot.actuator.v2+json || application/json]}" onto public java.lang.Object org.springframework.boot.actuate.endpoint.web.servlet.AbstractWebMvcEndpointHandlerMapping$OperationHandler.handle(javax.servlet.http.HttpServletRequest,java.util.Map<java.lang.String, java.lang.String>)
2020-09-22 00:13:53.061  INFO 11592 --- [main] s.b.a.e.w.s.WebMvcEndpointHandlerMapping : Mapped "{[/actuator],methods=[GET],produces=[application/vnd.spring-boot.actuator.v2+json || application/json]}" onto protected java.util.Map<java.lang.String, java.util.Map<java.lang.String, org.springframework.boot.actuate.endpoint.web.Link>> org.springframework.boot.actuate.endpoint.web.servlet.WebMvcEndpointHandlerMapping.links(javax.servlet.http.HttpServletRequest,javax.servlet.http.HttpServletResponse)
2020-09-22 00:13:53.207  INFO 11592 --- [main] o.s.j.e.a.AnnotationMBeanExporter        : Registering beans for JMX exposure on startup
2020-09-22 00:13:53.209  INFO 11592 --- [main] o.s.j.e.a.AnnotationMBeanExporter        : Bean with name 'tccDataSource' has been autodetected for JMX exposure
2020-09-22 00:13:53.210  INFO 11592 --- [main] o.s.j.e.a.AnnotationMBeanExporter        : Bean with name 'dataSource' has been autodetected for JMX exposure
2020-09-22 00:13:53.218  INFO 11592 --- [main] o.s.j.e.a.AnnotationMBeanExporter        : Located MBean 'tccDataSource': registering with JMX server as MBean [com.alibaba.druid.pool:name=tccDataSource,type=DruidDataSource]
2020-09-22 00:13:53.220  INFO 11592 --- [main] o.s.j.e.a.AnnotationMBeanExporter        : Located MBean 'dataSource': registering with JMX server as MBean [com.alibaba.druid.pool:name=dataSource,type=DruidDataSource]
2020-09-22 00:13:53.226  INFO 11592 --- [main] o.s.c.support.DefaultLifecycleProcessor  : Starting beans in phase 2147483647
2020-09-22 00:13:53.268  INFO 11592 --- [main] o.s.b.w.embedded.tomcat.TomcatWebServer  : Tomcat started on port(s): 8087 (http) with context path ''
2020-09-22 00:13:53.273  INFO 11592 --- [main] com.corn.redpacket.RedpacketApplication  : Started RedpacketApplication in 8.387 seconds (JVM running for 10.393)
2020-09-22 00:13:55.151  INFO 11592 --- [RMI TCP Connection(3)-192.168.43.148] o.a.c.c.C.[Tomcat].[localhost].[/]       : Initializing Spring FrameworkServlet 'dispatcherServlet'
2020-09-22 00:13:55.152  INFO 11592 --- [RMI TCP Connection(3)-192.168.43.148] o.s.web.servlet.DispatcherServlet        : FrameworkServlet 'dispatcherServlet': initialization started
2020-09-22 00:13:55.184  INFO 11592 --- [RMI TCP Connection(3)-192.168.43.148] o.s.web.servlet.DispatcherServlet        : FrameworkServlet 'dispatcherServlet': initialization completed in 32 ms
